<?xml version="1.0" encoding="UTF-8" ?>
<testsuite tests="5" failures="0" name="cz.toce.learn.javaee.jaxws.simplest.sei.WebServiceClientSoap12Test" time="0.2" errors="0" skipped="0">
  <properties>
[...]
</properties>
  <testcase classname="cz.toce.learn.javaee.jaxws.simplest.sei.WebServiceClientSoap12Test" name="testHelloRuntimeExceptionWithMessage" time="0.048"/>
  <testcase classname="cz.toce.learn.javaee.jaxws.simplest.sei.WebServiceClientSoap12Test" name="testHello" time="0.032"/>
  <testcase classname="cz.toce.learn.javaee.jaxws.simplest.sei.WebServiceClientSoap12Test" name="testHelloCheckedExceptionWithMessage" time="0.044"/>
  <testcase classname="cz.toce.learn.javaee.jaxws.simplest.sei.WebServiceClientSoap12Test" name="testHelloCheckedException" time="0.041"/>
  <testcase classname="cz.toce.learn.javaee.jaxws.simplest.sei.WebServiceClientSoap12Test" name="testHelloRuntimeException" time="0.035"/>
</testsuite>