<?xml version="1.0" encoding="UTF-8"?>
<testsuite xmlns:xsi="http://www.w3.org/2001/XMLSchema-instance" xsi:noNamespaceSchemaLocation="https://maven.apache.org/surefire/maven-surefire-plugin/xsd/surefire-test-report.xsd" name="cz.styrax.sdx.soap.client.WebServiceClientFactoryTest" time="2.197" tests="3" errors="0" skipped="0" failures="0">
  <properties>
[...]
</properties>
  <testcase name="testInfo" classname="cz.styrax.sdx.soap.client.WebServiceClientFactoryTest" time="1.704"/>
  <testcase name="testCreatePort" classname="cz.styrax.sdx.soap.client.WebServiceClientFactoryTest" time="0.312"/>
  <testcase name="testCreateService" classname="cz.styrax.sdx.soap.client.WebServiceClientFactoryTest" time="0.136"/>
</testsuite>