<?xml version="1.0" encoding="UTF-8"?>
<testsuite xmlns:xsi="http://www.w3.org/2001/XMLSchema-instance" xsi:noNamespaceSchemaLocation="https://maven.apache.org/surefire/maven-surefire-plugin/xsd/surefire-test-report-3.0.xsd" version="3.0" name="cz.tc.learn.ws.mtom.stream.FileStorageStreamServiceImplTest" time="0.208" tests="4" errors="0" skipped="0" failures="0">
  <properties>
[...]
</properties>
  <testcase name="testTryMtomFeature_DownloadBinary" classname="cz.tc.learn.ws.mtom.stream.FileStorageStreamServiceImplTest" time="0.097">
    <system-out><![CDATA[=================================================

---[HTTP request - http://localhost:8081/mtom.ws/fileStorageStreamService]---
Accept: application/soap+xml, multipart/related
Content-Type: multipart/related;start="<rootpart*716b424c-e93e-421c-919d-78bb61f905d6@example.jaxws.sun.com>";type="application/xop+xml";boundary="uuid:716b424c-e93e-421c-919d-78bb61f905d6";start-info="application/soap+xml;action=\"http://ws.learn.tc.cz/mtom/stream/api/fileStorageStreamPort/downloadStreamRequest\""
User-Agent: JAX-WS RI 2.3.5 git-revision#7ddc91f
--uuid:716b424c-e93e-421c-919d-78bb61f905d6
Content-Id: <rootpart*716b424c-e93e-421c-919d-78bb61f905d6@example.jaxws.sun.com>
Content-Type: application/xop+xml;charset=utf-8;type="application/soap+xml;action=\"http://ws.learn.tc.cz/mtom/stream/api/fileStorageStreamPort/downloadStreamRequest\""
Content-Transfer-Encoding: binary

<?xml version='1.0' encoding='UTF-8'?><S:Envelope xmlns:S="http://www.w3.org/2003/05/soap-envelope"><S:Body><ns3:filenameStream xmlns:ns2="http://ws.learn.tc.cz/mtom/stream/types/" xmlns:ns3="http://ws.learn.tc.cz/mtom/stream/api">sample.xml</ns3:filenameStream></S:Body></S:Envelope>
--uuid:716b424c-e93e-421c-919d-78bb61f905d6--
--------------------

---[HTTP request]---
Accept: application/soap+xml, multipart/related
Connection: keep-alive
Host: localhost:8081
User-agent: JAX-WS RI 2.3.5 git-revision#7ddc91f
Content-type: multipart/related;start="<rootpart*716b424c-e93e-421c-919d-78bb61f905d6@example.jaxws.sun.com>";type="application/xop+xml";boundary="uuid:716b424c-e93e-421c-919d-78bb61f905d6";start-info="application/soap+xml;action=\"http://ws.learn.tc.cz/mtom/stream/api/fileStorageStreamPort/downloadStreamRequest\""
Content-length: 666
--uuid:716b424c-e93e-421c-919d-78bb61f905d6
Content-Id: <rootpart*716b424c-e93e-421c-919d-78bb61f905d6@example.jaxws.sun.com>
Content-Type: application/xop+xml;charset=utf-8;type="application/soap+xml;action=\"http://ws.learn.tc.cz/mtom/stream/api/fileStorageStreamPort/downloadStreamRequest\""
Content-Transfer-Encoding: binary

<?xml version='1.0' encoding='UTF-8'?><S:Envelope xmlns:S="http://www.w3.org/2003/05/soap-envelope"><S:Body><ns3:filenameStream xmlns:ns2="http://ws.learn.tc.cz/mtom/stream/types/" xmlns:ns3="http://ws.learn.tc.cz/mtom/stream/api">sample.xml</ns3:filenameStream></S:Body></S:Envelope>
--uuid:716b424c-e93e-421c-919d-78bb61f905d6--
--------------------

---[HTTP response 200]---
Date: Mon, 02 May 2022 04:36:25 GMT
Transfer-encoding: chunked
Content-type: multipart/related;start="<rootpart*6b7682f4-cdcd-4615-9fe1-00f003d29709@example.jaxws.sun.com>";type="application/xop+xml";boundary="uuid:6b7682f4-cdcd-4615-9fe1-00f003d29709";start-info="application/soap+xml"
--uuid:6b7682f4-cdcd-4615-9fe1-00f003d29709
Content-Id: <rootpart*6b7682f4-cdcd-4615-9fe1-00f003d29709@example.jaxws.sun.com>
Content-Type: application/xop+xml;charset=utf-8;type="application/soap+xml"
Content-Transfer-Encoding: binary

<?xml version='1.0' encoding='UTF-8'?><S:Envelope xmlns:S="http://www.w3.org/2003/05/soap-envelope"><S:Body><ns2:fileStream xmlns:ns2="http://ws.learn.tc.cz/mtom/stream/types/" xmlns:ns3="http://ws.learn.tc.cz/mtom/stream/api"><fileName>sample.xml</fileName><contentData><xop:Include xmlns:xop="http://www.w3.org/2004/08/xop/include" href="cid:c77af523-3fbd-4acc-92b0-d33d0e152f7b@example.jaxws.sun.com"/></contentData></ns2:fileStream></S:Body></S:Envelope>
--uuid:6b7682f4-cdcd-4615-9fe1-00f003d29709
Content-Id: <c77af523-3fbd-4acc-92b0-d33d0e152f7b@example.jaxws.sun.com>
Content-Type: sample.xml
Content-Transfer-Encoding: binary

<?xml version="1.0" encoding="UTF-8"?>
<root>
    <books>
        <book>
            <title>Nazev</title>
            <author>Autor</author>
        </book>
        <book>
            <title>Nazev</title>
            <author>Autor</author>
        </book>
        <book>
            <title>Nazev</title>
            <author>Autor</author>
        </book>
        <book>
            <title>Nazev</title>
            <author>Autor</author>
        </book>
        <book>
            <title>Nazev</title>
            <author>Autor</author>
        </book>
        <book>
            <title>Nazev</title>
            <author>Autor</author>
        </book>
        <book>
            <title>Nazev</title>
            <author>Autor</author>
        </book>
        <book>
            <title>Nazev</title>
            <author>Autor</author>
        </book>
        <book>
            <title>Nazev</title>
            <author>Autor</author>
        </book>
        <book>
            <title>Nazev</title>
            <author>Autor</author>
        </book>
        <book>
            <title>Nazev</title>
            <author>Autor</author>
        </book>
        <book>
            <title>Nazev</title>
            <author>Autor</author>
        </book>
        <book>
            <title>Nazev</title>
            <author>Autor</author>
        </book>
        <book>
            <title>Nazev</title>
            <author>Autor</author>
        </book>
        <book>
            <title>Nazev</title>
            <author>Autor</author>
        </book>
        <book>
            <title>Nazev</title>
            <author>Autor</author>
        </book>
        <book>
            <title>Nazev</title>
            <author>Autor</author>
        </book>
        <book>
            <title>Nazev</title>
            <author>Autor</author>
        </book>
        <book>
            <title>Nazev</title>
            <author>Autor</author>
        </book>
        <book>
            <title>Nazev</title>
            <author>Autor</author>
        </book>
        <book>
            <title>Nazev</title>
            <author>Autor</author>
        </book>
        <book>
            <title>Nazev</title>
            <author>Autor</author>
        </book>
        <book>
            <title>Nazev</title>
            <author>Autor</author>
        </book>
        <book>
            <title>Nazev</title>
            <author>Autor</author>
        </book>
        <book>
            <title>Nazev</title>
            <author>Autor</author>
        </book>
        <book>
            <title>Nazev</title>
            <author>Autor</author>
        </book>
        <book>
            <title>Nazev</title>
            <author>Autor</author>
        </book>
        <book>
            <title>Nazev</title>
            <author>Autor</author>
        </book>
        <book>
            <title>Nazev</title>
            <author>Autor</author>
        </book>
        <book>
            <title>Nazev</title>
            <author>Autor</author>
        </book>
        <book>
            <title>Nazev</title>
            <author>Autor</author>
        </book>
        <book>
            <title>Nazev</title>
            <author>Autor</author>
        </book>
        <book>
            <title>Nazev</title>
            <author>Autor</author>
        </book>
        <book>
            <title>Nazev</title>
            <author>Autor</author>
        </book>
        <book>
            <title>Nazev</title>
            <author>Autor</author>
        </book>
        <book>
            <title>Nazev</title>
            <author>Autor</author>
        </book>
        <book>
            <title>Nazev</title>
            <author>Autor</author>
        </book>
        <book>
            <title>Nazev</title>
            <author>Autor</author>
        </book>
        <book>
            <title>Nazev</title>
            <author>Autor</author>
        </book>
        <book>
            <title>Nazev</title>
            <author>Autor</author>
        </book>
        <book>
            <title>Nazev</title>
            <author>Autor</author>
        </book>
        <book>
            <title>Nazev</title>
            <author>Autor</author>
        </book>
        <book>
            <title>Nazev</title>
            <author>Autor</author>
        </book>
        <book>
            <title>Nazev</title>
            <author>Autor</author>
        </book>
        <book>
            <title>Nazev</title>
            <author>Autor</author>
        </book>
        <book>
            <title>Nazev</title>
            <author>Autor</author>
        </book>
        <book>
            <title>Nazev</title>
            <author>Autor</author>
        </book>
        <book>
            <title>Nazev</title>
            <author>Autor</author>
        </book>
        <book>
            <title>Nazev</title>
            <author>Autor</author>
        </book>
        <book>
            <title>Nazev</title>
            <author>Autor</author>
        </book>
        <book>
            <title>Nazev</title>
            <author>Autor</author>
        </book>
        <book>
            <title>Nazev</title>
            <author>Autor</author>
        </book>
        <book>
            <title>Nazev</title>
            <author>Autor</author>
        </book>
        <book>
            <title>Nazev</title>
            <author>Autor</author>
        </book>
        <book>
            <title>Nazev</title>
            <author>Autor</author>
        </book>
        <book>
            <title>Nazev</title>
            <author>Autor</author>
        </book>
        <book>
            <title>Nazev</title>
            <author>Autor</author>
        </book>
        <book>
            <title>Nazev</title>
            <author>Autor</author>
        </book>
        <book>
            <title>Nazev</title>
            <author>Autor</author>
        </book>
        <book>
            <title>Nazev</title>
            <author>Autor</author>
        </book>
        <book>
            <title>Nazev</title>
            <author>Autor</author>
        </book>
        <book>
            <title>Nazev</title>
            <author>Autor</author>
        </book>
        <book>
            <title>Nazev</title>
            <author>Autor</author>
        </book>
        <book>
            <title>Nazev</title>
            <author>Autor</author>
        </book>
        <book>
            <title>Nazev</title>
            <author>Autor</author>
        </book>
        <book>
            <title>Nazev</title>
            <author>Autor</author>
        </book>
        <book>
            <title>Nazev</title>
            <author>Autor</author>
        </book>
        <book>
            <title>Nazev</title>
            <author>Autor</author>
        </book>
        <book>
            <title>Nazev</title>
            <author>Autor</author>
        </book>
        <book>
            <title>Nazev</title>
            <author>Autor</author>
        </book>
        <book>
            <title>Nazev</title>
            <author>Autor</author>
        </book>
        <book>
            <title>Nazev</title>
            <author>Autor</author>
        </book>
        <book>
            <title>Nazev</title>
            <author>Autor</author>
        </book>
        <book>
            <title>Nazev</title>
            <author>Autor</author>
        </book>
        <book>
            <title>Nazev</title>
            <author>Autor</author>
        </book>
        <book>
            <title>Nazev</title>
            <author>Autor</author>
        </book>
        <book>
            <title>Nazev</title>
            <author>Autor</author>
        </book>
        <book>
            <title>Nazev</title>
            <author>Autor</author>
        </book>
        <book>
            <title>Nazev</title>
            <author>Autor</author>
        </book>
        <book>
            <title>Nazev</title>
            <author>Autor</author>
        </book>
        <book>
            <title>Nazev</title>
            <author>Autor</author>
        </book>
        <book>
            <title>Nazev</title>
            <author>Autor</author>
        </book>
        <book>
            <title>Nazev</title>
            <author>Autor</author>
        </book>
        <book>
            <title>Nazev</title>
            <author>Autor</author>
        </book>
        <book>
            <title>Nazev</title>
            <author>Autor</author>
        </book>
        <book>
            <title>Nazev</title>
            <author>Autor</author>
        </book>
        <book>
            <title>Nazev</title>
            <author>Autor</author>
        </book>
        <book>
            <title>Nazev</title>
            <author>Autor</author>
        </book>
        <book>
            <title>Nazev</title>
            <author>Autor</author>
        </book>
        <book>
            <title>Nazev</title>
            <author>Autor</author>
        </book>
        <book>
            <title>Nazev</title>
            <author>Autor</author>
        </book>
        <book>
            <title>Nazev</title>
            <author>Autor</author>
        </book>
        <book>
            <title>Nazev</title>
            <author>Autor</author>
        </book>
        <book>
            <title>Nazev</title>
            <author>Autor</author>
        </book>
        <book>
            <title>Nazev</title>
            <author>Autor</author>
        </book>
        <book>
            <title>Nazev</title>
            <author>Autor</author>
        </book>
        <book>
            <title>Nazev</title>
            <author>Autor</author>
        </book>
        <book>
            <title>Nazev</title>
            <author>Autor</author>
        </book>
        <book>
            <title>Nazev</title>
            <author>Autor</author>
        </book>
        <book>
            <title>Nazev</title>
            <author>Autor</author>
        </book>
        <book>
            <title>Nazev</title>
            <author>Autor</author>
        </book>
        <book>
            <title>Nazev</title>
            <author>Autor</author>
        </book>
        <book>
            <title>Nazev</title>
            <author>Autor</author>
        </book>
        <book>
            <title>Nazev</title>
            <author>Autor</author>
        </book>
        <book>
            <title>Nazev</title>
            <author>Autor</author>
        </book>
        <book>
            <title>Nazev</title>
            <author>Autor</author>
        </book>
        <book>
            <title>Nazev</title>
            <author>Autor</author>
        </book>
        <book>
            <title>Nazev</title>
            <author>Autor</author>
        </book>
        <book>
            <title>Nazev</title>
            <author>Autor</author>
        </book>
        <book>
            <title>Nazev</title>
            <author>Autor</author>
        </book>
        <book>
            <title>Nazev</title>
            <author>Autor</author>
        </book>
        <book>
            <title>Nazev</title>
            <author>Autor</author>
        </book>
        <book>
            <title>Nazev</title>
            <author>Autor</author>
        </book>
        <book>
            <title>Nazev</title>
            <author>Autor</author>
        </book>
        <book>
            <title>Nazev</title>
            <author>Autor</author>
        </book>
        <book>
            <title>Nazev</title>
            <author>Autor</author>
        </book>
        <book>
            <title>Nazev</title>
            <author>Autor</author>
        </book>
        <book>
            <title>Nazev</title>
            <author>Autor</author>
        </book>
        <book>
            <title>Nazev</title>
            <author>Autor</author>
        </book>
        <book>
            <title>Nazev</title>
            <author>Autor</author>
        </book>
        <book>
            <title>Nazev</title>
            <author>Autor</author>
        </book>
        <book>
            <title>Nazev</title>
            <author>Autor</author>
        </book>
        <book>
            <title>Nazev</title>
            <author>Autor</author>
        </book>
        <book>
            <title>Nazev</title>
            <author>Autor</author>
        </book>
        <book>
            <title>Nazev</title>
            <author>Autor</author>
        </book>
        <book>
            <title>Nazev</title>
            <author>Autor</author>
        </book>
        <book>
            <title>Nazev</title>
            <author>Autor</author>
        </book>
        <book>
            <title>Nazev</title>
            <author>Autor</author>
        </book>
        <book>
            <title>Nazev</title>
            <author>Autor</author>
        </book>
        <book>
            <title>Nazev</title>
            <author>Autor</author>
        </book>
        <book>
            <title>Nazev</title>
            <author>Autor</author>
        </book>
        <book>
            <title>Nazev</title>
            <author>Autor</author>
        </book>
        <book>
            <title>Nazev</title>
            <author>Autor</author>
        </book>
        <book>
            <title>Nazev</title>
            <author>Autor</author>
        </book>
        <book>
            <title>Nazev</title>
            <author>Autor</author>
        </book>
        <book>
            <title>Nazev</title>
            <author>Autor</author>
        </book>
        <book>
            <title>Nazev</title>
            <author>Autor</author>
        </book>
        <book>
            <title>Nazev</title>
            <author>Autor</author>
        </book>
        <book>
            <title>Nazev</title>
            <author>Autor</author>
        </book>
        <book>
            <title>Nazev</title>
            <author>Autor</author>
        </book>
        <book>
            <title>Nazev</title>
            <author>Autor</author>
        </book>
        <book>
            <title>Nazev</title>
            <author>Autor</author>
        </book>
        <book>
            <title>Nazev</title>
            <author>Autor</author>
        </book>
        <book>
            <title>Nazev</title>
            <author>Autor</author>
        </book>
        <book>
            <title>Nazev</title>
            <author>Autor</author>
        </book>
        <book>
            <title>Nazev</title>
            <author>Autor</author>
        </book>
        <book>
            <title>Nazev</title>
            <author>Autor</author>
        </book>
        <book>
            <title>Nazev</title>
            <author>Autor</author>
        </book>
        <book>
            <title>Nazev</title>
            <author>Autor</author>
        </book>
        <book>
            <title>Nazev</title>
            <author>Autor</author>
        </book>
        <book>
            <title>Nazev</title>
            <author>Autor</author>
        </book>
        <book>
            <title>Nazev</title>
            <author>Autor</author>
        </book>
        <book>
            <title>Nazev</title>
            <author>Autor</author>
        </book>
        <book>
            <title>Nazev</title>
            <author>Autor</author>
        </book>
        <book>
            <title>Nazev</title>
            <author>Autor</author>
        </book>
        <book>
            <title>Nazev</title>
            <author>Autor</author>
        </book>
        <book>
            <title>Nazev</title>
            <author>Autor</author>
        </book>
        <book>
            <title>Nazev</title>
            <author>Autor</author>
        </book>
        <book>
            <title>Nazev</title>
            <author>Autor</author>
        </book>
        <book>
            <title>Nazev</title>
            <author>Autor</author>
        </book>
        <book>
            <title>Nazev</title>
            <author>Autor</author>
        </book>
        <book>
            <title>Nazev</title>
            <author>Autor</author>
        </book>
        <book>
            <title>Nazev</title>
            <author>Autor</author>
        </book>
        <book>
            <title>Nazev</title>
            <author>Autor</author>
        </book>
        <book>
            <title>Nazev</title>
            <author>Autor</author>
        </book>
        <book>
            <title>Nazev</title>
            <author>Autor</author>
        </book>
        <book>
            <title>Nazev</title>
            <author>Autor</author>
        </book>
        <book>
            <title>Nazev</title>
            <author>Autor</author>
        </book>
        <book>
            <title>Nazev</title>
            <author>Autor</author>
        </book>
        <book>
            <title>Nazev</title>
            <author>Autor</author>
        </book>
        <book>
            <title>Nazev</title>
            <author>Autor</author>
        </book>
        <book>
            <title>Nazev</title>
            <author>Autor</author>
        </book>
        <book>
            <title>Nazev</title>
            <author>Autor</author>
        </book>
        <book>
            <title>Nazev</title>
            <author>Autor</author>
        </book>
        <book>
            <title>Nazev</title>
            <author>Autor</author>
        </book>
        <book>
            <title>Nazev</title>
            <author>Autor</author>
        </book>
        <book>
            <title>Nazev</title>
            <author>Autor</author>
        </book>
        <book>
            <title>Nazev</title>
            <author>Autor</author>
        </book>
        <book>
            <title>Nazev</title>
            <author>Autor</author>
        </book>
        <book>
            <title>Nazev</title>
            <author>Autor</author>
        </book>
        <book>
            <title>Nazev</title>
            <author>Autor</author>
        </book>
        <book>
            <title>Nazev</title>
            <author>Autor</author>
        </book>
        <book>
            <title>Nazev</title>
            <author>Autor</author>
        </book>
        <book>
            <title>Nazev</title>
            <author>Autor</author>
        </book>
        <book>
            <title>Nazev</title>
            <author>Autor</author>
        </book>
        <book>
            <title>Nazev</title>
            <author>Autor</author>
        </book>
        <book>
            <title>Nazev</title>
            <author>Autor</author>
        </book>
        <book>
            <title>Nazev</title>
            <author>Autor</author>
        </book>
        <book>
            <title>Nazev</title>
            <author>Autor</author>
        </book>
        <book>
            <title>Nazev</title>
            <author>Autor</author>
        </book>
        <book>
            <title>Nazev</title>
            <author>Autor</author>
        </book>
        <book>
            <title>Nazev</title>
            <author>Autor</author>
        </book>
        <book>
            <title>Nazev</title>
            <author>Autor</author>
        </book>
        <book>
            <title>Nazev</title>
            <author>Autor</author>
        </book>
        <book>
            <title>Nazev</title>
            <author>Autor</author>
        </book>
        <book>
            <title>Nazev</title>
            <author>Autor</author>
        </book>
        <book>
            <title>Nazev</title>
            <author>Autor</author>
        </book>
        <book>
            <title>Nazev</title>
            <author>Autor</author>
        </book>
        <book>
            <title>Nazev</title>
            <author>Autor</author>
        </book>
        <book>
            <title>Nazev</title>
            <author>Autor</author>
        </book>
        <book>
            <title>Nazev</title>
            <author>Autor</author>
        </book>
        <book>
            <title>Nazev</title>
            <author>Autor</author>
        </book>
        <book>
            <title>Nazev</title>
            <author>Autor</author>
        </book>
        <book>
            <title>Nazev</title>
            <author>Autor</author>
        </book>
        <book>
            <title>Nazev</title>
            <author>Autor</author>
        </book>
        <book>
            <title>Nazev</title>
            <author>Autor</author>
        </book>
        <book>
            <title>Nazev</title>
            <author>Autor</author>
        </book>
        <book>
            <title>Nazev</title>
            <author>Autor</author>
        </book>
        <book>
            <title>Nazev</title>
            <author>Autor</author>
        </book>
        <book>
            <title>Nazev</title>
            <author>Autor</author>
        </book>
        <book>
            <title>Nazev</title>
            <author>Autor</author>
        </book>
        <book>
            <title>Nazev</title>
            <author>Autor</author>
        </book>
        <book>
            <title>Nazev</title>
            <author>Autor</author>
        </book>
        <book>
            <title>Nazev</title>
            <author>Autor</author>
        </book>
        <book>
            <title>Nazev</title>
            <author>Autor</author>
        </book>
        <book>
            <title>Nazev</title>
            <author>Autor</author>
        </book>
        <book>
            <title>Nazev</title>
            <author>Autor</author>
        </book>
        <book>
            <title>Nazev</title>
            <author>Autor</author>
        </book>
        <book>
            <title>Nazev</title>
            <author>Autor</author>
        </book>
        <book>
            <title>Nazev</title>
            <author>Autor</author>
        </book>
        <book>
            <title>Nazev</title>
            <author>Autor</author>
        </book>
        <book>
            <title>Nazev</title>
            <author>Autor</author>
        </book>
        <book>
            <title>Nazev</title>
            <author>Autor</author>
        </book>
        <book>
            <title>Nazev</title>
            <author>Autor</author>
        </book>
        <book>
            <title>Nazev</title>
            <author>Autor</author>
        </book>
        <book>
            <title>Nazev</title>
            <author>Autor</author>
        </book>
        <book>
            <title>Nazev</title>
            <author>Autor</author>
        </book>
        <book>
            <title>Nazev</title>
            <author>Autor</author>
        </book>
        <book>
            <title>Nazev</title>
            <author>Autor</author>
        </book>
        <book>
            <title>Nazev</title>
            <author>Autor</author>
        </book>
        <book>
            <title>Nazev</title>
            <author>Autor</author>
        </book>
        <book>
            <title>Nazev</title>
            <author>Autor</author>
        </book>
        <book>
            <title>Nazev</title>
            <author>Autor</author>
        </book>
        <book>
            <title>Nazev</title>
            <author>Autor</author>
        </book>
        <book>
            <title>Nazev</title>
            <author>Autor</author>
        </book>
        <book>
            <title>Nazev</title>
            <author>Autor</author>
        </book>
        <book>
            <title>Nazev</title>
            <author>Autor</author>
        </book>
        <book>
            <title>Nazev</title>
            <author>Autor</author>
        </book>
        <book>
            <title>Nazev</title>
            <author>Autor</author>
        </book>
        <book>
            <title>Nazev</title>
            <author>Autor</author>
        </book>
        <book>
            <title>Nazev</title>
            <author>Autor</author>
        </book>
        <book>
            <title>Nazev</title>
            <author>Autor</author>
        </book>
        <book>
            <title>Nazev</title>
            <author>Autor</author>
        </book>
        <book>
            <title>Nazev</title>
            <author>Autor</author>
        </book>
        <book>
            <title>Nazev</title>
            <author>Autor</author>
        </book>
        <book>
            <title>Nazev</title>
            <author>Autor</author>
        </book>
        <book>
            <title>Nazev</title>
            <author>Autor</author>
        </book>
        <book>
            <title>Nazev</title>
            <author>Autor</author>
        </book>
        <book>
            <title>Nazev</title>
            <author>Autor</author>
        </book>
        <book>
            <title>Nazev</title>
            <author>Autor</author>
        </book>
        <book>
            <title>Nazev</title>
            <author>Autor</author>
        </book>
        <book>
            <title>Nazev</title>
            <author>Autor</author>
        </book>
        <book>
            <title>Nazev</title>
            <author>Autor</author>
        </book>
        <book>
            <title>Nazev</title>
            <author>Autor</author>
        </book>
        <book>
            <title>Nazev</title>
            <author>Autor</author>
        </book>
        <book>
            <title>Nazev</title>
            <author>Autor</author>
        </book>
        <book>
            <title>Nazev</title>
            <author>Autor</author>
        </book>
        <book>
            <title>Nazev</title>
            <author>Autor</author>
        </book>
        <book>
            <title>Nazev</title>
            <author>Autor</author>
        </book>
        <book>
            <title>Nazev</title>
            <author>Autor</author>
        </book>
        <book>
            <title>Nazev</title>
            <author>Autor</author>
        </book>
        <book>
            <title>Nazev</title>
            <author>Autor</author>
        </book>
        <book>
            <title>Nazev</title>
            <author>Autor</author>
        </book>
        <book>
            <title>Nazev</title>
            <author>Autor</author>
        </book>
        <book>
            <title>Nazev</title>
            <author>Autor</author>
        </book>
        <book>
            <title>Nazev</title>
            <author>Autor</author>
        </book>
        <book>
            <title>Nazev</title>
            <author>Autor</author>
        </book>
        <book>
            <title>Nazev</title>
            <author>Autor</author>
        </book>
        <book>
            <title>Nazev</title>
            <author>Autor</author>
        </book>
        <book>
            <title>Nazev</title>
            <author>Autor</author>
        </book>
        <book>
            <title>Nazev</title>
            <author>Autor</author>
        </book>
        <book>
            <title>Nazev</title>
            <author>Autor</author>
        </book>
        <book>
            <title>Nazev</title>
            <author>Autor</author>
        </book>
        <book>
            <title>Nazev</title>
            <author>Autor</author>
        </book>
        <book>
            <title>Nazev</title>
            <author>Autor</author>
        </book>
        <book>
            <title>Nazev</title>
            <author>Autor</author>
        </book>
        <book>
            <title>Nazev</title>
            <author>Autor</author>
        </book>
        <book>
            <title>Nazev</title>
            <author>Autor</author>
        </book>
        <book>
            <title>Nazev</title>
            <author>Autor</author>
        </book>
        <book>
            <title>Nazev</title>
            <author>Autor</author>
        </book>
        <book>
            <title>Nazev</title>
            <author>Autor</author>
        </book>
        <book>
            <title>Nazev</title>
            <author>Autor</author>
        </book>
        <book>
            <title>Nazev</title>
            <author>Autor</author>
        </book>
        <book>
            <title>Nazev</title>
            <author>Autor</author>
        </book>
        <book>
            <title>Nazev</title>
            <author>Autor</author>
        </book>
        <book>
            <title>Nazev</title>
            <author>Autor</author>
        </book>
        <book>
            <title>Nazev</title>
            <author>Autor</author>
        </book>
        <book>
            <title>Nazev</title>
            <author>Autor</author>
        </book>
        <book>
            <title>Nazev</title>
            <author>Autor</author>
        </book>
        <book>
            <title>Nazev</title>
            <author>Autor</author>
        </book>
        <book>
            <title>Nazev</title>
            <author>Autor</author>
        </book>
        <book>
            <title>Nazev</title>
            <author>Autor</author>
        </book>
        <book>
            <title>Nazev</title>
            <author>Autor</author>
        </book>
        <book>
            <title>Nazev</title>
            <author>Autor</author>
        </book>
        <book>
            <title>Nazev</title>
            <author>Autor</author>
        </book>
        <book>
            <title>Nazev</title>
            <author>Autor</author>
        </book>
        <book>
            <title>Nazev</title>
            <author>Autor</author>
        </book>
        <book>
            <title>Nazev</title>
            <author>Autor</author>
        </book>
        <book>
            <title>Nazev</title>
            <author>Autor</author>
        </book>
        <book>
            <title>Nazev</title>
            <author>Autor</author>
        </book>
        <book>
            <title>Nazev</title>
            <author>Autor</author>
        </book>
        <book>
            <title>Nazev</title>
            <author>Autor</author>
        </book>
        <book>
            <title>Nazev</title>
            <author>Autor</author>
        </book>
        <book>
            <title>Nazev</title>
            <author>Autor</author>
        </book>
        <book>
            <title>Nazev</title>
            <author>Autor</author>
        </book>
        <book>
            <title>Nazev</title>
            <author>Autor</author>
        </book>
        <book>
            <title>Nazev</title>
            <author>Autor</author>
        </book>
        <book>
            <title>Nazev</title>
            <author>Autor</author>
        </book>
        <book>
            <title>Nazev</title>
            <author>Autor</author>
        </book>
        <book>
            <title>Nazev</title>
            <author>Autor</author>
        </book>
        <book>
            <title>Nazev</title>
            <author>Autor</author>
        </book>
        <book>
            <title>Nazev</title>
            <author>Autor</author>
        </book>
        <book>
            <title>Nazev</title>
            <author>Autor</author>
        </book>
        <book>
            <title>Nazev</title>
            <author>Autor</author>
        </book>
        <book>
            <title>Nazev</title>
            <author>Autor</author>
        </book>
        <book>
            <title>Nazev</title>
            <author>Autor</author>
        </book>
        <book>
            <title>Nazev</title>
            <author>Autor</author>
        </book>
        <book>
            <title>Nazev</title>
            <author>Autor</author>
        </book>
        <book>
            <title>Nazev</title>
            <author>Autor</author>
        </book>
        <book>
            <title>Nazev</title>
            <author>Autor</author>
        </book>
        <book>
            <title>Nazev</title>
            <author>Autor</author>
        </book>
        <book>
            <title>Nazev</title>
            <author>Autor</author>
        </book>
        <book>
            <title>Nazev</title>
            <author>Autor</author>
        </book>
        <book>
            <title>Nazev</title>
            <author>Autor</author>
        </book>
        <book>
            <title>Nazev</title>
            <author>Autor</author>
        </book>
        <book>
            <title>Nazev</title>
            <author>Autor</author>
        </book>
        <book>
            <title>Nazev</title>
            <author>Autor</author>
        </book>
        <book>
            <title>Nazev</title>
            <author>Autor</author>
        </book>
        <book>
            <title>Nazev</title>
            <author>Autor</author>
        </book>
        <book>
            <title>Nazev</title>
            <author>Autor</author>
        </book>
        <book>
            <title>Nazev</title>
            <author>Autor</author>
        </book>
        <book>
            <title>Nazev</title>
            <author>Autor</author>
        </book>
        <book>
            <title>Nazev</title>
            <author>Autor</author>
        </book>
        <book>
            <title>Nazev</title>
            <author>Autor</author>
        </book>
        <book>
            <title>Nazev</title>
            <author>Autor</author>
        </book>
        <book>
            <title>Nazev</title>
            <author>Autor</author>
        </book>
        <book>
            <title>Nazev</title>
            <author>Autor</author>
        </book>
        <book>
            <title>Nazev</title>
            <author>Autor</author>
        </book>
        <book>
            <title>Nazev</title>
            <author>Autor</author>
        </book>
        <book>
            <title>Nazev</title>
            <author>Autor</author>
        </book>
        <book>
            <title>Nazev</title>
            <author>Autor</author>
        </book>
        <book>
            <title>Nazev</title>
            <author>Autor</author>
        </book>
        <book>
            <title>Nazev</title>
            <author>Autor</author>
        </book>
        <book>
            <title>Nazev</title>
            <author>Autor</author>
        </book>
        <book>
            <title>Nazev</title>
            <author>Autor</author>
        </book>
        <book>
            <title>Nazev</title>
            <author>Autor</author>
        </book>
        <book>
            <title>Nazev</title>
            <author>Autor</author>
        </book>
        <book>
            <title>Nazev</title>
            <author>Autor</author>
        </book>
        <book>
            <title>Nazev</title>
            <author>Autor</author>
        </book>
        <book>
            <title>Nazev</title>
            <author>Autor</author>
        </book>
        <book>
            <title>Nazev</title>
            <author>Autor</author>
        </book>
        <book>
            <title>Nazev</title>
            <author>Autor</author>
        </book>
        <book>
            <title>Nazev</title>
            <author>Autor</author>
        </book>
        <book>
            <title>Nazev</title>
            <author>Autor</author>
        </book>
        <book>
            <title>Nazev</title>
            <author>Autor</author>
        </book>
        <book>
            <title>Nazev</title>
            <author>Autor</author>
        </book>
        <book>
            <title>Nazev</title>
            <author>Autor</author>
        </book>
        <book>
            <title>Nazev</title>
            <author>Autor</author>
        </book>
        <book>
            <title>Nazev</title>
            <author>Autor</author>
        </book>
        <book>
            <title>Nazev</title>
            <author>Autor</author>
        </book>
        <book>
            <title>Nazev</title>
            <author>Autor</author>
        </book>
        <book>
            <title>Nazev</title>
            <author>Autor</author>
        </book>
        <book>
            <title>Nazev</title>
            <author>Autor</author>
        </book>
        <book>
            <title>Nazev</title>
            <author>Autor</author>
        </book>
        <book>
            <title>Nazev</title>
            <author>Autor</author>
        </book>
        <book>
            <title>Nazev</title>
            <author>Autor</author>
        </book>
        <book>
            <title>Nazev</title>
            <author>Autor</author>
        </book>
        <book>
            <title>Nazev</title>
            <author>Autor</author>
        </book>
        <book>
            <title>Nazev</title>
            <author>Autor</author>
        </book>
        <book>
            <title>Nazev</title>
            <author>Autor</author>
        </book>
        <book>
            <title>Nazev</title>
            <author>Autor</author>
        </book>
        <book>
            <title>Nazev</title>
            <author>Autor</author>
        </book>
        <book>
            <title>Nazev</title>
            <author>Autor</author>
        </book>
        <book>
            <title>Nazev</title>
            <author>Autor</author>
        </book>
        <book>
            <title>Nazev</title>
            <author>Autor</author>
        </book>
        <book>
            <title>Nazev</title>
            <author>Autor</author>
        </book>
        <book>
            <title>Nazev</title>
            <author>Autor</author>
        </book>
        <book>
            <title>Nazev</title>
            <author>Autor</author>
        </book>
        <book>
            <title>Nazev</title>
            <author>Autor</author>
        </book>
        <book>
            <title>Nazev</title>
            <author>Autor</author>
        </book>
        <book>
            <title>Nazev</title>
            <author>Autor</author>
        </book>
        <book>
            <title>Nazev</title>
            <author>Autor</author>
        </book>
        <book>
            <title>Nazev</title>
            <author>Autor</author>
        </book>
        <book>
            <title>Nazev</title>
            <author>Autor</author>
        </book>
        <book>
            <title>Nazev</title>
            <author>Autor</author>
        </book>
        <book>
            <title>Nazev</title>
            <author>Autor</author>
        </book>
        <book>
            <title>Nazev</title>
            <author>Autor</author>
        </book>
        <book>
            <title>Nazev</title>
            <author>Autor</author>
        </book>
        <book>
            <title>Nazev</title>
            <author>Autor</author>
        </book>
        <book>
            <title>Nazev</title>
            <author>Autor</author>
        </book>
        <book>
            <title>Nazev</title>
            <author>Autor</author>
        </book>
        <book>
            <title>Nazev</title>
            <author>Autor</author>
        </book>
        <book>
            <title>Nazev</title>
            <author>Autor</author>
        </book>
        <book>
            <title>Nazev</title>
            <author>Autor</author>
        </book>
        <book>
            <title>Nazev</title>
            <author>Autor</author>
        </book>
        <book>
            <title>Nazev</title>
            <author>Autor</author>
        </book>
        <book>
            <title>Nazev</title>
            <author>Autor</author>
        </book>
        <book>
            <title>Nazev</title>
            <author>Autor</author>
        </book>
        <book>
            <title>Nazev</title>
            <author>Autor</author>
        </book>
        <book>
            <title>Nazev</title>
            <author>Autor</author>
        </book>
        <book>
            <title>Nazev</title>
            <author>Autor</author>
        </book>
        <book>
            <title>Nazev</title>
            <author>Autor</author>
        </book>
        <book>
            <title>Nazev</title>
            <author>Autor</author>
        </book>
        <book>
            <title>Nazev</title>
            <author>Autor</author>
        </book>
        <book>
            <title>Nazev</title>
            <author>Autor</author>
        </book>
        <book>
            <title>Nazev</title>
            <author>Autor</author>
        </book>
        <book>
            <title>Nazev</title>
            <author>Autor</author>
        </book>
        <book>
            <title>Nazev</title>
            <author>Autor</author>
        </book>
        <book>
            <title>Nazev</title>
            <author>Autor</author>
        </book>
        <book>
            <title>Nazev</title>
            <author>Autor</author>
        </book>
        <book>
            <title>Nazev</title>
            <author>Autor</author>
        </book>
        <book>
            <title>Nazev</title>
            <author>Autor</author>
        </book>
        <book>
            <title>Nazev</title>
            <author>Autor</author>
        </book>
        <book>
            <title>Nazev</title>
            <author>Autor</author>
        </book>
        <book>
            <title>Nazev</title>
            <author>Autor</author>
        </book>
        <book>
            <title>Nazev</title>
            <author>Autor</author>
        </book>
        <book>
            <title>Nazev</title>
            <author>Autor</author>
        </book>
        <book>
            <title>Nazev</title>
            <author>Autor</author>
        </book>
        <book>
            <title>Nazev</title>
            <author>Autor</author>
        </book>
        <book>
            <title>Nazev</title>
            <author>Autor</author>
        </book>
        <book>
            <title>Nazev</title>
            <author>Autor</author>
        </book>
        <book>
            <title>Nazev</title>
            <author>Autor</author>
        </book>
        <book>
            <title>Nazev</title>
            <author>Autor</author>
        </book>
        <book>
            <title>Nazev</title>
            <author>Autor</author>
        </book>
        <book>
            <title>Nazev</title>
            <author>Autor</author>
        </book>
        <book>
            <title>Nazev</title>
            <author>Autor</author>
        </book>
        <book>
            <title>Nazev</title>
            <author>Autor</author>
        </book>
        <book>
            <title>Nazev</title>
            <author>Autor</author>
        </book>
        <book>
            <title>Nazev</title>
            <author>Autor</author>
        </book>
        <book>
            <title>Nazev</title>
            <author>Autor</author>
        </book>
        <book>
            <title>Nazev</title>
            <author>Autor</author>
        </book>
        <book>
            <title>Nazev</title>
            <author>Autor</author>
        </book>
        <book>
            <title>Nazev</title>
            <author>Autor</author>
        </book>
        <book>
            <title>Nazev</title>
            <author>Autor</author>
        </book>
        <book>
            <title>Nazev</title>
            <author>Autor</author>
        </book>
        <book>
            <title>Nazev</title>
            <author>Autor</author>
        </book>
        <book>
            <title>Nazev</title>
            <author>Autor</author>
        </book>
        <book>
            <title>Nazev</title>
            <author>Autor</author>
        </book>
        <book>
            <title>Nazev</title>
            <author>Autor</author>
        </book>
        <book>
            <title>Nazev</title>
            <author>Autor</author>
        </book>
        <book>
            <title>Nazev</title>
            <author>Autor</author>
        </book>
        <book>
            <title>Nazev</title>
            <author>Autor</author>
        </book>
        <book>
            <title>Nazev</title>
            <author>Autor</author>
        </book>
        <book>
            <title>Nazev</title>
            <author>Autor</author>
        </book>
        <book>
            <title>Nazev</title>
            <author>Autor</author>
        </book>
        <book>
            <title>Nazev</title>
            <author>Autor</author>
        </book>
        <book>
            <title>Nazev</title>
            <author>Autor</author>
        </book>
        <book>
            <title>Nazev</title>
            <author>Autor</author>
        </book>
        <book>
            <title>Nazev</title>
            <author>Autor</author>
        </book>
        <book>
            <title>Nazev</title>
            <author>Autor</author>
        </book>
        <book>
            <title>Nazev</title>
            <author>Autor</author>
        </book>
        <book>
            <title>Nazev</title>
            <author>Autor</author>
        </book>
        <book>
            <title>Nazev</title>
            <author>Autor</author>
        </book>
        <book>
            <title>Nazev</title>
            <author>Autor</author>
        </book>
        <book>
            <title>Nazev</title>
            <author>Autor</author>
        </book>
        <book>
            <title>Nazev</title>
            <author>Autor</author>
        </book>
        <book>
            <title>Nazev</title>
            <author>Autor</author>
        </book>
        <book>
            <title>Nazev</title>
            <author>Autor</author>
        </book>
        <book>
            <title>Nazev</title>
            <author>Autor</author>
        </book>
        <book>
            <title>Nazev</title>
            <author>Autor</author>
        </book>
        <book>
            <title>Nazev</title>
            <author>Autor</author>
        </book>
        <book>
            <title>Nazev</title>
            <author>Autor</author>
        </book>
        <book>
            <title>Nazev</title>
            <author>Autor</author>
        </book>
        <book>
            <title>Nazev</title>
            <author>Autor</author>
        </book>
        <book>
            <title>Nazev</title>
            <author>Autor</author>
        </book>
        <book>
            <title>Nazev</title>
            <author>Autor</author>
        </book>
        <book>
            <title>Nazev</title>
            <author>Autor</author>
        </book>
        <book>
            <title>Nazev</title>
            <author>Autor</author>
        </book>
        <book>
            <title>Nazev</title>
            <author>Autor</author>
        </book>
        <book>
            <title>Nazev</title>
            <author>Autor</author>
        </book>
        <book>
            <title>Nazev</title>
            <author>Autor</author>
        </book>
        <book>
            <title>Nazev</title>
            <author>Autor</author>
        </book>
        <book>
            <title>Nazev</title>
            <author>Autor</author>
        </book>
        <book>
            <title>Nazev</title>
            <author>Autor</author>
        </book>
        <book>
            <title>Nazev</title>
            <author>Autor</author>
        </book>
        <book>
            <title>Nazev</title>
            <author>Autor</author>
        </book>
        <book>
            <title>Nazev</title>
            <author>Autor</author>
        </book>
        <book>
            <title>Nazev</title>
            <author>Autor</author>
        </book>
        <book>
            <title>Nazev</title>
            <author>Autor</author>
        </book>
        <book>
            <title>Nazev</title>
            <author>Autor</author>
        </book>
        <book>
            <title>Nazev</title>
            <author>Autor</author>
        </book>
        <book>
            <title>Nazev</title>
            <author>Autor</author>
        </book>
        <book>
            <title>Nazev</title>
            <author>Autor</author>
        </book>
        <book>
            <title>Nazev</title>
            <author>Autor</author>
        </book>
        <book>
            <title>Nazev</title>
            <author>Autor</author>
        </book>
        <book>
            <title>Nazev</title>
            <author>Autor</author>
        </book>
        <book>
            <title>Nazev</title>
            <author>Autor</author>
        </book>
        <book>
            <title>Nazev</title>
            <author>Autor</author>
        </book>
        <book>
            <title>Nazev</title>
            <author>Autor</author>
        </book>
        <book>
            <title>Nazev</title>
            <author>Autor</author>
        </book>
        <book>
            <title>Nazev</title>
            <author>Autor</author>
        </book>
        <book>
            <title>Nazev</title>
            <author>Autor</author>
        </book>
        <book>
            <title>Nazev</title>
            <author>Autor</author>
        </book>
        <book>
            <title>Nazev</title>
            <author>Autor</author>
        </book>
        <book>
            <title>Nazev</title>
            <author>Autor</author>
        </book>
        <book>
            <title>Nazev</title>
            <author>Autor</author>
        </book>
        <book>
            <title>Nazev</title>
            <author>Autor</author>
        </book>
        <book>
            <title>Nazev</title>
            <author>Autor</author>
        </book>
        <book>
            <title>Nazev</title>
            <author>Autor</author>
        </book>
        <book>
            <title>Nazev</title>
            <author>Autor</author>
        </book>
        <book>
            <title>Nazev</title>
            <author>Autor</author>
        </book>
        <book>
            <title>Nazev</title>
            <author>Autor</author>
        </book>
        <book>
            <title>Nazev</title>
            <author>Autor</author>
        </book>
        <book>
            <title>Nazev</title>
            <author>Autor</author>
        </book>
        <book>
            <title>Nazev</title>
            <author>Autor</author>
        </book>
        <book>
            <title>Nazev</title>
            <author>Autor</author>
        </book>
        <book>
            <title>Nazev</title>
            <author>Autor</author>
        </book>
        <book>
            <title>Nazev</title>
            <author>Autor</author>
        </book>
        <book>
            <title>Nazev</title>
            <author>Autor</author>
        </book>
        <book>
            <title>Nazev</title>
            <author>Autor</author>
        </book>
        <book>
            <title>Nazev</title>
            <author>Autor</author>
        </book>
        <book>
            <title>Nazev</title>
            <author>Autor</author>
        </book>
        <book>
            <title>Nazev</title>
            <author>Autor</author>
        </book>
        <book>
            <title>Nazev</title>
            <author>Autor</author>
        </book>
        <book>
            <title>Nazev</title>
            <author>Autor</author>
        </book>
        <book>
            <title>Nazev</title>
            <author>Autor</author>
        </book>
        <book>
            <title>Nazev</title>
            <author>Autor</author>
        </book>
        <book>
            <title>Nazev</title>
            <author>Autor</author>
        </book>
        <book>
            <title>Nazev</title>
            <author>Autor</author>
        </book>
        <book>
            <title>Nazev</title>
            <author>Autor</author>
        </book>
        <book>
            <title>Nazev</title>
            <author>Autor</author>
        </book>
        <book>
            <title>Nazev</title>
            <author>Autor</author>
        </book>
        <book>
            <title>Nazev</title>
            <author>Autor</author>
        </book>
        <book>
            <title>Nazev</title>
            <author>Autor</author>
        </book>
        <book>
            <title>Nazev</title>
            <author>Autor</author>
        </book>
        <book>
            <title>Nazev</title>
            <author>Autor</author>
        </book>
        <book>
            <title>Nazev</title>
            <author>Autor</author>
        </book>
        <book>
            <title>Nazev</title>
            <author>Autor</author>
        </book>
        <book>
            <title>Nazev</title>
            <author>Autor</author>
        </book>
        <book>
            <title>Nazev</title>
            <author>Autor</author>
        </book>
        <book>
            <title>Nazev</title>
            <author>Autor</author>
        </book>
        <book>
            <title>Nazev</title>
            <author>Autor</author>
        </book>
        <book>
            <title>Nazev</title>
            <author>Autor</author>
        </book>
        <book>
            <title>Nazev</title>
            <author>Autor</author>
        </book>
        <book>
            <title>Nazev</title>
            <author>Autor</author>
        </book>
        <book>
            <title>Nazev</title>
            <author>Autor</author>
        </book>
        <book>
            <title>Nazev</title>
            <author>Autor</author>
        </book>
        <book>
            <title>Nazev</title>
            <author>Autor</author>
        </book>
        <book>
            <title>Nazev</title>
            <author>Autor</author>
        </book>
        <book>
            <title>Nazev</title>
            <author>Autor</author>
        </book>
        <book>
            <title>Nazev</title>
            <author>Autor</author>
        </book>
        <book>
            <title>Nazev</title>
            <author>Autor</author>
        </book>
        <book>
            <title>Nazev</title>
            <author>Autor</author>
        </book>
        <book>
            <title>Nazev</title>
            <author>Autor</author>
        </book>
        <book>
            <title>Nazev</title>
            <author>Autor</author>
        </book>
        <book>
            <title>Nazev</title>
            <author>Autor</author>
        </book>
        <book>
            <title>Nazev</title>
            <author>Autor</author>
        </book>
        <book>
            <title>Nazev</title>
            <author>Autor</author>
        </book>
        <book>
            <title>Nazev</title>
            <author>Autor</author>
        </book>
        <book>
            <title>Nazev</title>
            <author>Autor</author>
        </book>
        <book>
            <title>Nazev</title>
            <author>Autor</author>
        </book>
        <book>
            <title>Nazev</title>
            <author>Autor</author>
        </book>
        <book>
            <title>Nazev</title>
            <author>Autor</author>
        </book>
        <book>
            <title>Nazev</title>
            <author>Autor</author>
        </book>
        <book>
            <title>Nazev</title>
            <author>Autor</author>
        </book>
        <book>
            <title>Nazev</title>
            <author>Autor</author>
        </book>
        <book>
            <title>Nazev</title>
            <author>Autor</author>
        </book>
        <book>
            <title>Nazev</title>
            <author>Autor</author>
        </book>
        <book>
            <title>Nazev</title>
            <author>Autor</author>
        </book>
        <book>
            <title>Nazev</title>
            <author>Autor</author>
        </book>
        <book>
            <title>Nazev</title>
            <author>Autor</author>
        </book>
        <book>
            <title>Nazev</title>
            <author>Autor</author>
        </book>
        <book>
            <title>Nazev</title>
            <author>Autor</author>
        </book>
        <book>
            <title>Nazev</title>
            <author>Autor</author>
        </book>
        <book>
            <title>Nazev</title>
            <author>Autor</author>
        </book>
        <book>
            <title>Nazev</title>
            <author>Autor</author>
        </book>
        <book>
            <title>Nazev</title>
            <author>Autor</author>
        </book>
        <book>
            <title>Nazev</title>
            <author>Autor</author>
        </book>
        <book>
            <title>Nazev</title>
            <author>Autor</author>
        </book>
        <book>
            <title>Nazev</title>
            <author>Autor</author>
        </book>
        <book>
            <title>Nazev</title>
            <author>Autor</author>
        </book>
        <book>
            <title>Nazev</title>
            <author>Autor</author>
        </book>
        <book>
            <title>Nazev</title>
            <author>Autor</author>
        </book>
        <book>
            <title>Nazev</title>
            <author>Autor</author>
        </book>
        <book>
            <title>Nazev</title>
            <author>Autor</author>
        </book>
        <book>
            <title>Nazev</title>
            <author>Autor</author>
        </book>
        <book>
            <title>Nazev</title>
            <author>Autor</author>
        </book>
        <book>
            <title>Nazev</title>
            <author>Autor</author>
        </book>
        <book>
            <title>Nazev</title>
            <author>Autor</author>
        </book>
        <book>
            <title>Nazev</title>
            <author>Autor</author>
        </book>
        <book>
            <title>Nazev</title>
            <author>Autor</author>
        </book>
        <book>
            <title>Nazev</title>
            <author>Autor</author>
        </book>
        <book>
            <title>Nazev</title>
            <author>Autor</author>
        </book>
        <book>
            <title>Nazev</title>
            <author>Autor</author>
        </book>
        <book>
            <title>Nazev</title>
            <author>Autor</author>
        </book>
        <book>
            <title>Nazev</title>
            <author>Autor</author>
        </book>
        <book>
            <title>Nazev</title>
            <author>Autor</author>
        </book>
        <book>
            <title>Nazev</title>
            <author>Autor</author>
        </book>
        <book>
            <title>Nazev</title>
            <author>Autor</author>
        </book>
        <book>
            <title>Nazev</title>
            <author>Autor</author>
        </book>
        <book>
            <title>Nazev</title>
            <author>Autor</author>
        </book>
        <book>
            <title>Nazev</title>
            <author>Autor</author>
        </book>
        <book>
            <title>Nazev</title>
            <author>Autor</author>
        </book>
        <book>
            <title>Nazev</title>
            <author>Autor</author>
        </book>
        <book>
            <title>Nazev</title>
            <author>Autor</author>
        </book>
        <book>
            <title>Nazev</title>
            <author>Autor</author>
        </book>
        <book>
            <title>Nazev</title>
            <author>Autor</author>
        </book>
        <book>
            <title>Nazev</title>
            <author>Autor</author>
        </book>
        <book>
            <title>Nazev</title>
            <author>Autor</author>
        </book>
        <book>
            <title>Nazev</title>
            <author>Autor</author>
        </book>
        <book>
            <title>Nazev</title>
            <author>Autor</author>
        </book>
        <book>
            <title>Nazev</title>
            <author>Autor</author>
        </book>
        <book>
            <title>Nazev</title>
            <author>Autor</author>
        </book>
        <book>
            <title>Nazev</title>
            <author>Autor</author>
        </book>
        <book>
            <title>Nazev</title>
            <author>Autor</author>
        </book>
        <book>
            <title>Nazev</title>
            <author>Autor</author>
        </book>
        <book>
            <title>Nazev</title>
            <author>Autor</author>
        </book>
        <book>
            <title>Nazev</title>
            <author>Autor</author>
        </book>
        <book>
            <title>Nazev</title>
            <author>Autor</author>
        </book>
        <book>
            <title>Nazev</title>
            <author>Autor</author>
        </book>
        <book>
            <title>Nazev</title>
            <author>Autor</author>
        </book>
        <book>
            <title>Nazev</title>
            <author>Autor</author>
        </book>
        <book>
            <title>Nazev</title>
            <author>Autor</author>
        </book>
        <book>
            <title>Nazev</title>
            <author>Autor</author>
        </book>
        <book>
            <title>Nazev</title>
            <author>Autor</author>
        </book>
        <book>
            <title>Nazev</title>
            <author>Autor</author>
        </book>
        <book>
            <title>Nazev</title>
            <author>Autor</author>
        </book>
        <book>
            <title>Nazev</title>
            <author>Autor</author>
        </book>
        <book>
            <title>Nazev</title>
            <author>Autor</author>
        </book>
        <book>
            <title>Nazev</title>
            <author>Autor</author>
        </book>
        <book>
            <title>Nazev</title>
            <author>Autor</author>
        </book>
        <book>
            <title>Nazev</title>
            <author>Autor</author>
        </book>
        <book>
            <title>Nazev</title>
            <author>Autor</author>
        </book>
        <book>
            <title>Nazev</title>
            <author>Autor</author>
        </book>
        <book>
            <title>Nazev</title>
            <author>Autor</author>
        </book>
        <book>
            <title>Nazev</title>
            <author>Autor</author>
        </book>
        <book>
            <title>Nazev</title>
            <author>Autor</author>
        </book>
        <book>
            <title>Nazev</title>
            <author>Autor</author>
        </book>
        <book>
            <title>Nazev</title>
            <author>Autor</author>
        </book>
        <book>
            <title>Nazev</title>
            <author>Autor</author>
        </book>
        <book>
            <title>Nazev</title>
            <author>Autor</author>
        </book>
        <book>
            <title>Nazev</title>
            <author>Autor</author>
        </book>
        <book>
            <title>Nazev</title>
            <author>Autor</author>
        </book>
        <book>
            <title>Nazev</title>
            <author>Autor</author>
        </book>
        <book>
            <title>Nazev</title>
            <author>Autor</author>
        </book>
        <book>
            <title>Nazev</title>
            <author>Autor</author>
        </book>
        <book>
            <title>Nazev</title>
            <author>Autor</author>
        </book>
        <book>
            <title>Nazev</title>
            <author>Autor</author>
        </book>
        <book>
            <title>Nazev</title>
            <author>Autor</author>
        </book>
        <book>
            <title>Nazev</title>
            <author>Autor</author>
        </book>
        <book>
            <title>Nazev</title>
            <author>Autor</author>
        </book>
        <book>
            <title>Nazev</title>
            <author>Autor</author>
        </book>
        <book>
            <title>Nazev</title>
            <author>Autor</author>
        </book>
        <book>
            <title>Nazev</title>
            <author>Autor</author>
        </book>
        <book>
            <title>Nazev</title>
            <author>Autor</author>
        </book>
        <book>
            <title>Nazev</title>
            <author>Autor</author>
        </book>
        <book>
            <title>Nazev</title>
            <author>Autor</author>
        </book>
        <book>
            <title>Nazev</title>
            <author>Autor</author>
        </book>
        <book>
            <title>Nazev</title>
            <author>Autor</author>
        </book>
        <book>
            <title>Nazev</title>
            <author>Autor</author>
        </book>
        <book>
            <title>Nazev</title>
            <author>Autor</author>
        </book>
        <book>
            <title>Nazev</title>
            <author>Autor</author>
        </book>
        <book>
            <title>Nazev</title>
            <author>Autor</author>
        </book>
        <book>
            <title>Nazev</title>
            <author>Autor</author>
        </book>
        <book>
            <title>Nazev</title>
            <author>Autor</author>
        </book>
        <book>
            <title>Nazev</title>
            <author>Autor</author>
        </book>
        <book>
            <title>Nazev</title>
            <author>Autor</author>
        </book>
        <book>
            <title>Nazev</title>
            <author>Autor</author>
        </book>
        <book>
            <title>Nazev</title>
            <author>Autor</author>
        </book>
        <book>
            <title>Nazev</title>
            <author>Autor</author>
        </book>
        <book>
            <title>Nazev</title>
            <author>Autor</author>
        </book>
        <book>
            <title>Nazev</title>
            <author>Autor</author>
        </book>
        <book>
            <title>Nazev</title>
            <author>Autor</author>
        </book>
        <book>
            <title>Nazev</title>
            <author>Autor</author>
        </book>
        <book>
            <title>Nazev</title>
            <author>Autor</author>
        </book>
        <book>
            <title>Nazev</title>
            <author>Autor</author>
        </book>
        <book>
            <title>Nazev</title>
            <author>Autor</author>
        </book>
        <book>
            <title>Nazev</title>
            <author>Autor</author>
        </book>
        <book>
            <title>Nazev</title>
            <author>Autor</author>
        </book>
        <book>
            <title>Nazev</title>
            <author>Autor</author>
        </book>
        <book>
            <title>Nazev</title>
            <author>Autor</author>
        </book>
        <book>
            <title>Nazev</title>
            <author>Autor</author>
        </book>
        <book>
            <title>Nazev</title>
            <author>Autor</author>
        </book>
    </books>
</root>


--uuid:6b7682f4-cdcd-4615-9fe1-00f003d29709--
--------------------

---[HTTP response - http://localhost:8081/mtom.ws/fileStorageStreamService - 200]---
null: HTTP/1.1 200 OK
Content-type: multipart/related;start="<rootpart*6b7682f4-cdcd-4615-9fe1-00f003d29709@example.jaxws.sun.com>";type="application/xop+xml";boundary="uuid:6b7682f4-cdcd-4615-9fe1-00f003d29709";start-info="application/soap+xml"
Date: Mon, 02 May 2022 04:36:25 GMT
Transfer-encoding: chunked
--uuid:6b7682f4-cdcd-4615-9fe1-00f003d29709
Content-Id: <rootpart*6b7682f4-cdcd-4615-9fe1-00f003d29709@example.jaxws.sun.com>
Content-Type: application/xop+xml;charset=utf-8;type="application/soap+xml"
Content-Transfer-Encoding: binary

<?xml version='1.0' encoding='UTF-8'?><S:Envelope xmlns:S="http://www.w3.org/2003/05/soap-envelope"><S:Body><ns2:fileStream xmlns:ns2="http://ws.learn.tc.cz/mtom/stream/types/" xmlns:ns3="http://ws.learn.tc.cz/mtom/stream/api"><fileName>sample.xml</fileName><contentData><xop:Include xmlns:xop="http://www.w3.org/2004/08/xop/include" href="cid:c77af523-3fbd-4acc-92b0-d33d0e152f7b@example.jaxws.sun.com"/></contentData></ns2:fileStream></S:Body></S:Envelope>
--uuid:6b7682f4-cdcd-4615-9fe1-00f003d29709
Content-Id: <c77af523-3fbd-4acc-92b0-d33d0e152f7b@example.jaxws.sun.com>
Content-Type: sample.xml
Content-Transfer-Encoding: binary

<?xml version="1.0" encoding="UTF-8"?>
<root>
    <books>
        <book>
            <title>Nazev</title>
            <author>Autor</author>
        </book>
        <book>
            <title>Nazev</title>
            <author>Autor</author>
        </book>
        <book>
            <title>Nazev</title>
            <author>Autor</author>
        </book>
        <book>
            <title>Nazev</title>
            <author>Autor</author>
        </book>
        <book>
            <title>Nazev</title>
            <author>Autor</author>
        </book>
        <book>
            <title>Nazev</title>
            <author>Autor</author>
        </book>
        <book>
            <title>Nazev</title>
            <author>Autor</author>
        </book>
        <book>
            <title>Nazev</title>
            <author>Autor</author>
        </book>
        <book>
            <title>Nazev</title>
            <author>Autor</author>
        </book>
        <book>
            <title>Nazev</title>
            <author>Autor</author>
        </book>
        <book>
            <title>Nazev</title>
            <author>Autor</author>
        </book>
        <book>
            <title>Nazev</title>
            <author>Autor</author>
        </book>
        <book>
            <title>Nazev</title>
            <author>Autor</author>
        </book>
        <book>
            <title>Nazev</title>
            <author>Autor</author>
        </book>
        <book>
            <title>Nazev</title>
            <author>Autor</author>
        </book>
        <book>
            <title>Nazev</title>
            <author>Autor</author>
        </book>
        <book>
            <title>Nazev</title>
            <author>Autor</author>
        </book>
        <book>
            <title>Nazev</title>
            <author>Autor</author>
        </book>
        <book>
            <title>Nazev</title>
            <author>Autor</author>
        </book>
        <book>
            <title>Nazev</title>
            <author>Autor</author>
        </book>
        <book>
            <title>Nazev</title>
            <author>Autor</author>
        </book>
        <book>
            <title>Nazev</title>
            <author>Autor</author>
        </book>
        <book>
            <title>Nazev</title>
            <author>Autor</author>
        </book>
        <book>
            <title>Nazev</title>
            <author>Autor</author>
        </book>
        <book>
            <title>Nazev</title>
            <author>Autor</author>
        </book>
        <book>
            <title>Nazev</title>
            <author>Autor</author>
        </book>
        <book>
            <title>Nazev</title>
            <author>Autor</author>
        </book>
        <book>
            <title>Nazev</title>
            <author>Autor</author>
        </book>
        <book>
            <title>Nazev</title>
            <author>Autor</author>
        </book>
        <book>
            <title>Nazev</title>
            <author>Autor</author>
        </book>
        <book>
            <title>Nazev</title>
            <author>Autor</author>
        </book>
        <book>
            <title>Nazev</title>
            <author>Autor</author>
        </book>
        <book>
            <title>Nazev</title>
            <author>Autor</author>
        </book>
        <book>
            <title>Nazev</title>
            <author>Autor</author>
        </book>
        <book>
            <title>Nazev</title>
            <author>Autor</author>
        </book>
        <book>
            <title>Nazev</title>
            <author>Autor</author>
        </book>
        <book>
            <title>Nazev</title>
            <author>Autor</author>
        </book>
        <book>
            <title>Nazev</title>
            <author>Autor</author>
        </book>
        <book>
            <title>Nazev</title>
            <author>Autor</author>
        </book>
        <book>
            <title>Nazev</title>
            <author>Autor</author>
        </book>
        <book>
            <title>Nazev</title>
            <author>Autor</author>
        </book>
        <book>
            <title>Nazev</title>
            <author>Autor</author>
        </book>
        <book>
            <title>Nazev</title>
            <author>Autor</author>
        </book>
        <book>
            <title>Nazev</title>
            <author>Autor</author>
        </book>
        <book>
            <title>Nazev</title>
            <author>Autor</author>
        </book>
        <book>
            <title>Nazev</title>
            <author>Autor</author>
        </book>
        <book>
            <title>Nazev</title>
            <author>Autor</author>
        </book>
        <book>
            <title>Nazev</title>
            <author>Autor</author>
        </book>
        <book>
            <title>Nazev</title>
            <author>Autor</author>
        </book>
        <book>
            <title>Nazev</title>
            <author>Autor</author>
        </book>
        <book>
            <title>Nazev</title>
            <author>Autor</author>
        </book>
        <book>
            <title>Nazev</title>
            <author>Autor</author>
        </book>
        <book>
            <title>Nazev</title>
            <author>Autor</author>
        </book>
        <book>
            <title>Nazev</title>
            <author>Autor</author>
        </book>
        <book>
            <title>Nazev</title>
            <author>Autor</author>
        </book>
        <book>
            <title>Nazev</title>
            <author>Autor</author>
        </book>
        <book>
            <title>Nazev</title>
            <author>Autor</author>
        </book>
        <book>
            <title>Nazev</title>
            <author>Autor</author>
        </book>
        <book>
            <title>Nazev</title>
            <author>Autor</author>
        </book>
        <book>
            <title>Nazev</title>
            <author>Autor</author>
        </book>
        <book>
            <title>Nazev</title>
            <author>Autor</author>
        </book>
        <book>
            <title>Nazev</title>
            <author>Autor</author>
        </book>
        <book>
            <title>Nazev</title>
            <author>Autor</author>
        </book>
        <book>
            <title>Nazev</title>
            <author>Autor</author>
        </book>
        <book>
            <title>Nazev</title>
            <author>Autor</author>
        </book>
        <book>
            <title>Nazev</title>
            <author>Autor</author>
        </book>
        <book>
            <title>Nazev</title>
            <author>Autor</author>
        </book>
        <book>
            <title>Nazev</title>
            <author>Autor</author>
        </book>
        <book>
            <title>Nazev</title>
            <author>Autor</author>
        </book>
        <book>
            <title>Nazev</title>
            <author>Autor</author>
        </book>
        <book>
            <title>Nazev</title>
            <author>Autor</author>
        </book>
        <book>
            <title>Nazev</title>
            <author>Autor</author>
        </book>
        <book>
            <title>Nazev</title>
            <author>Autor</author>
        </book>
        <book>
            <title>Nazev</title>
            <author>Autor</author>
        </book>
        <book>
            <title>Nazev</title>
            <author>Autor</author>
        </book>
        <book>
            <title>Nazev</title>
            <author>Autor</author>
        </book>
        <book>
            <title>Nazev</title>
            <author>Autor</author>
        </book>
        <book>
            <title>Nazev</title>
            <author>Autor</author>
        </book>
        <book>
[...]
        </book>
        <book>
            <title>Nazev</title>
            <author>Autor</author>
        </book>
        <book>
            <title>Nazev</title>
            <author>Autor</author>
        </book>
        <book>
            <title>Nazev</title>
            <author>Autor</author>
        </book>
        <book>
            <title>Nazev</title>
            <author>Autor</author>
        </book>
        <book>
            <title>Nazev</title>
            <author>Autor</author>
        </book>
        <book>
            <title>Nazev</title>
            <author>Autor</author>
        </book>
        <book>
            <title>Nazev</title>
            <author>Autor</author>
        </book>
        <book>
            <title>Nazev</title>
            <author>Autor</author>
        </book>
        <book>
            <title>Nazev</title>
            <author>Autor</author>
        </book>
        <book>
            <title>Nazev</title>
            <author>Autor</author>
        </book>
        <book>
            <title>Nazev</title>
            <author>Autor</author>
        </book>
        <book>
            <title>Nazev</title>
            <author>Autor</author>
        </book>
        <book>
            <title>Nazev</title>
            <author>Autor</author>
        </book>
        <book>
            <title>Nazev</title>
            <author>Autor</author>
        </book>
        <book>
            <title>Nazev</title>
            <author>Autor</author>
        </book>
        <book>
            <title>Nazev</title>
            <author>Autor</author>
        </book>
        <book>
            <title>Nazev</title>
            <author>Autor</author>
        </book>
        <book>
            <title>Nazev</title>
            <author>Autor</author>
        </book>
        <book>
            <title>Nazev</title>
            <author>Autor</author>
        </book>
        <book>
            <title>Nazev</title>
            <author>Autor</author>
        </book>
        <book>
            <title>Nazev</title>
            <author>Autor</author>
        </book>
        <book>
            <title>Nazev</title>
            <author>Autor</author>
        </book>
        <book>
            <title>Nazev</title>
            <author>Autor</author>
        </book>
        <book>
            <title>Nazev</title>
            <author>Autor</author>
        </book>
        <book>
            <title>Nazev</title>
            <author>Autor</author>
        </book>
        <book>
            <title>Nazev</title>
            <author>Autor</author>
        </book>
        <book>
            <title>Nazev</title>
            <author>Autor</author>
        </book>
        <book>
            <title>Nazev</title>
            <author>Autor</author>
        </book>
        <book>
            <title>Nazev</title>
            <author>Autor</author>
        </book>
        <book>
            <title>Nazev</title>
            <author>Autor</author>
        </book>
        <book>
            <title>Nazev</title>
            <author>Autor</author>
        </book>
        <book>
            <title>Nazev</title>
            <author>Autor</author>
        </book>
        <book>
            <title>Nazev</title>
            <author>Autor</author>
        </book>
        <book>
            <title>Nazev</title>
            <author>Autor</author>
        </book>
        <book>
            <title>Nazev</title>
            <author>Autor</author>
        </book>
        <book>
            <title>Nazev</title>
            <author>Autor</author>
        </book>
        <book>
            <title>Nazev</title>
            <author>Autor</author>
        </book>
        <book>
            <title>Nazev</title>
            <author>Autor</author>
        </book>
        <book>
            <title>Nazev</title>
            <author>Autor</author>
        </book>
        <book>
            <title>Nazev</title>
            <author>Autor</author>
        </book>
        <book>
            <title>Nazev</title>
            <author>Autor</author>
        </book>
        <book>
            <title>Nazev</title>
            <author>Autor</author>
        </book>
        <book>
            <title>Nazev</title>
            <author>Autor</author>
        </book>
        <book>
            <title>Nazev</title>
            <author>Autor</author>
        </book>
        <book>
            <title>Nazev</title>
            <author>Autor</author>
        </book>
        <book>
            <title>Nazev</title>
            <author>Autor</author>
        </book>
        <book>
            <title>Nazev</title>
            <author>Autor</author>
        </book>
        <book>
            <title>Nazev</title>
            <author>Autor</author>
        </book>
        <book>
            <title>Nazev</title>
            <author>Autor</author>
        </book>
        <book>
            <title>Nazev</title>
            <author>Autor</author>
        </book>
        <book>
            <title>Nazev</title>
            <author>Autor</author>
        </book>
        <book>
            <title>Nazev</title>
            <author>Autor</author>
        </book>
        <book>
            <title>Nazev</title>
            <author>Autor</author>
        </book>
        <book>
            <title>Nazev</title>
            <author>Autor</author>
        </book>
        <book>
            <title>Nazev</title>
            <author>Autor</author>
        </book>
        <book>
            <title>Nazev</title>
            <author>Autor</author>
        </book>
        <book>
            <title>Nazev</title>
            <author>Autor</author>
        </book>
        <book>
            <title>Nazev</title>
            <author>Autor</author>
        </book>
        <book>
            <title>Nazev</title>
            <author>Autor</author>
        </book>
        <book>
            <title>Nazev</title>
            <author>Autor</author>
        </book>
        <book>
            <title>Nazev</title>
            <author>Autor</author>
        </book>
        <book>
            <title>Nazev</title>
            <author>Autor</author>
        </book>
        <book>
            <title>Nazev</title>
            <author>Autor</author>
        </book>
        <book>
            <title>Nazev</title>
            <author>Autor</author>
        </book>
        <book>
            <title>Nazev</title>
            <author>Autor</author>
        </book>
        <book>
            <title>Nazev</title>
            <author>Autor</author>
        </book>
        <book>
            <title>Nazev</title>
            <author>Autor</author>
        </book>
        <book>
            <title>Nazev</title>
            <author>Autor</author>
        </book>
        <book>
            <title>Nazev</title>
            <author>Autor</author>
        </book>
        <book>
            <title>Nazev</title>
            <author>Autor</author>
        </book>
        <book>
            <title>Nazev</title>
            <author>Autor</author>
        </book>
        <book>
            <title>Nazev</title>
            <author>Autor</author>
        </book>
        <book>
            <title>Nazev</title>
            <author>Autor</author>
        </book>
        <book>
            <title>Nazev</title>
            <author>Autor</author>
        </book>
        <book>
            <title>Nazev</title>
            <author>Autor</author>
        </book>
        <book>
            <title>Nazev</title>
            <author>Autor</author>
        </book>
        <book>
            <title>Nazev</title>
            <author>Autor</author>
        </book>
        <book>
            <title>Nazev</title>
            <author>Autor</author>
        </book>
        <book>
            <title>Nazev</title>
            <author>Autor</author>
        </book>
        <book>
            <title>Nazev</title>
            <author>Autor</author>
        </book>
        <book>
            <title>Nazev</title>
            <author>Autor</author>
        </book>
        <book>
            <title>Nazev</title>
            <author>Autor</author>
        </book>
        <book>
            <title>Nazev</title>
            <author>Autor</author>
        </book>
        <book>
            <title>Nazev</title>
            <author>Autor</author>
        </book>
        <book>
            <title>Nazev</title>
            <author>Autor</author>
        </book>
        <book>
            <title>Nazev</title>
            <author>Autor</author>
        </book>
        <book>
            <title>Nazev</title>
            <author>Autor</author>
        </book>
        <book>
            <title>Nazev</title>
            <author>Autor</author>
        </book>
    </books>
</root>


--uuid:7207794d-6a0e-47a8-ac81-b37f798cb4cf--
--------------------

]]></system-out>
  </testcase>
  <testcase name="test_SmallDownloadBinary" classname="cz.tc.learn.ws.mtom.stream.FileStorageStreamServiceImplTest" time="0.005">
    <system-out><![CDATA[=================================================

---[HTTP request - http://localhost:8081/mtom.ws/fileStorageStreamService]---
Accept: application/soap+xml, multipart/related
Content-Type: multipart/related;start="<rootpart*b54abb1a-03d3-4f33-a79e-404a030eced8@example.jaxws.sun.com>";type="application/xop+xml";boundary="uuid:b54abb1a-03d3-4f33-a79e-404a030eced8";start-info="application/soap+xml;action=\"http://ws.learn.tc.cz/mtom/stream/api/fileStorageStreamPort/downloadStreamRequest\""
User-Agent: JAX-WS RI 2.3.5 git-revision#7ddc91f
--uuid:b54abb1a-03d3-4f33-a79e-404a030eced8
Content-Id: <rootpart*b54abb1a-03d3-4f33-a79e-404a030eced8@example.jaxws.sun.com>
Content-Type: application/xop+xml;charset=utf-8;type="application/soap+xml;action=\"http://ws.learn.tc.cz/mtom/stream/api/fileStorageStreamPort/downloadStreamRequest\""
Content-Transfer-Encoding: binary

<?xml version='1.0' encoding='UTF-8'?><S:Envelope xmlns:S="http://www.w3.org/2003/05/soap-envelope"><S:Body><ns3:filenameStream xmlns:ns2="http://ws.learn.tc.cz/mtom/stream/types/" xmlns:ns3="http://ws.learn.tc.cz/mtom/stream/api">small_sample.xml</ns3:filenameStream></S:Body></S:Envelope>
--uuid:b54abb1a-03d3-4f33-a79e-404a030eced8--
--------------------

---[HTTP request]---
Accept: application/soap+xml, multipart/related
Connection: keep-alive
Host: localhost:8081
User-agent: JAX-WS RI 2.3.5 git-revision#7ddc91f
Content-type: multipart/related;start="<rootpart*b54abb1a-03d3-4f33-a79e-404a030eced8@example.jaxws.sun.com>";type="application/xop+xml";boundary="uuid:b54abb1a-03d3-4f33-a79e-404a030eced8";start-info="application/soap+xml;action=\"http://ws.learn.tc.cz/mtom/stream/api/fileStorageStreamPort/downloadStreamRequest\""
Content-length: 672
--uuid:b54abb1a-03d3-4f33-a79e-404a030eced8
Content-Id: <rootpart*b54abb1a-03d3-4f33-a79e-404a030eced8@example.jaxws.sun.com>
Content-Type: application/xop+xml;charset=utf-8;type="application/soap+xml;action=\"http://ws.learn.tc.cz/mtom/stream/api/fileStorageStreamPort/downloadStreamRequest\""
Content-Transfer-Encoding: binary

<?xml version='1.0' encoding='UTF-8'?><S:Envelope xmlns:S="http://www.w3.org/2003/05/soap-envelope"><S:Body><ns3:filenameStream xmlns:ns2="http://ws.learn.tc.cz/mtom/stream/types/" xmlns:ns3="http://ws.learn.tc.cz/mtom/stream/api">small_sample.xml</ns3:filenameStream></S:Body></S:Envelope>
--uuid:b54abb1a-03d3-4f33-a79e-404a030eced8--
--------------------

---[HTTP response 200]---
Date: Mon, 02 May 2022 04:36:25 GMT
Transfer-encoding: chunked
Content-type: multipart/related;start="<rootpart*62ccebe9-596b-49bd-99dc-23a9b5bbb966@example.jaxws.sun.com>";type="application/xop+xml";boundary="uuid:62ccebe9-596b-49bd-99dc-23a9b5bbb966";start-info="application/soap+xml"
--uuid:62ccebe9-596b-49bd-99dc-23a9b5bbb966
Content-Id: <rootpart*62ccebe9-596b-49bd-99dc-23a9b5bbb966@example.jaxws.sun.com>
Content-Type: application/xop+xml;charset=utf-8;type="application/soap+xml"
Content-Transfer-Encoding: binary

<?xml version='1.0' encoding='UTF-8'?><S:Envelope xmlns:S="http://www.w3.org/2003/05/soap-envelope"><S:Body><ns2:fileStream xmlns:ns2="http://ws.learn.tc.cz/mtom/stream/types/" xmlns:ns3="http://ws.learn.tc.cz/mtom/stream/api"><fileName>small_sample.xml</fileName><contentData><xop:Include xmlns:xop="http://www.w3.org/2004/08/xop/include" href="cid:ead31b49-1d37-4112-90c5-33e79712fc77@example.jaxws.sun.com"/></contentData></ns2:fileStream></S:Body></S:Envelope>
--uuid:62ccebe9-596b-49bd-99dc-23a9b5bbb966
Content-Id: <ead31b49-1d37-4112-90c5-33e79712fc77@example.jaxws.sun.com>
Content-Type: small_sample.xml
Content-Transfer-Encoding: binary

<?xml version="1.0" encoding="UTF-8"?>
<root>
    <books>
        <book>
            <title>Nazev</title>
            <author>Author</book>
    </books>
</root>


--uuid:62ccebe9-596b-49bd-99dc-23a9b5bbb966--
--------------------

---[HTTP response - http://localhost:8081/mtom.ws/fileStorageStreamService - 200]---
null: HTTP/1.1 200 OK
Content-type: multipart/related;start="<rootpart*62ccebe9-596b-49bd-99dc-23a9b5bbb966@example.jaxws.sun.com>";type="application/xop+xml";boundary="uuid:62ccebe9-596b-49bd-99dc-23a9b5bbb966";start-info="application/soap+xml"
Date: Mon, 02 May 2022 04:36:25 GMT
Transfer-encoding: chunked
--uuid:62ccebe9-596b-49bd-99dc-23a9b5bbb966
Content-Id: <rootpart*62ccebe9-596b-49bd-99dc-23a9b5bbb966@example.jaxws.sun.com>
Content-Type: application/xop+xml;charset=utf-8;type="application/soap+xml"
Content-Transfer-Encoding: binary

<?xml version='1.0' encoding='UTF-8'?><S:Envelope xmlns:S="http://www.w3.org/2003/05/soap-envelope"><S:Body><ns2:fileStream xmlns:ns2="http://ws.learn.tc.cz/mtom/stream/types/" xmlns:ns3="http://ws.learn.tc.cz/mtom/stream/api"><fileName>small_sample.xml</fileName><contentData><xop:Include xmlns:xop="http://www.w3.org/2004/08/xop/include" href="cid:ead31b49-1d37-4112-90c5-33e79712fc77@example.jaxws.sun.com"/></contentData></ns2:fileStream></S:Body></S:Envelope>
--uuid:62ccebe9-596b-49bd-99dc-23a9b5bbb966
Content-Id: <ead31b49-1d37-4112-90c5-33e79712fc77@example.jaxws.sun.com>
Content-Type: small_sample.xml
Content-Transfer-Encoding: binary

<?xml version="1.0" encoding="UTF-8"?>
<root>
    <books>
        <book>
            <title>Nazev</title>
            <author>Author</book>
    </books>
</root>


--uuid:62ccebe9-596b-49bd-99dc-23a9b5bbb966--
--------------------

]]></system-out>
  </testcase>
  <testcase name="testTryMtomFeature_SmallDownloadBinary" classname="cz.tc.learn.ws.mtom.stream.FileStorageStreamServiceImplTest" time="0.004">
    <system-out><![CDATA[=================================================

---[HTTP request - http://localhost:8081/mtom.ws/fileStorageStreamService]---
Accept: application/soap+xml, multipart/related
Content-Type: multipart/related;start="<rootpart*d73d7af4-545c-488d-bf3f-fff35c4bbd09@example.jaxws.sun.com>";type="application/xop+xml";boundary="uuid:d73d7af4-545c-488d-bf3f-fff35c4bbd09";start-info="application/soap+xml;action=\"http://ws.learn.tc.cz/mtom/stream/api/fileStorageStreamPort/downloadStreamRequest\""
User-Agent: JAX-WS RI 2.3.5 git-revision#7ddc91f
--uuid:d73d7af4-545c-488d-bf3f-fff35c4bbd09
Content-Id: <rootpart*d73d7af4-545c-488d-bf3f-fff35c4bbd09@example.jaxws.sun.com>
Content-Type: application/xop+xml;charset=utf-8;type="application/soap+xml;action=\"http://ws.learn.tc.cz/mtom/stream/api/fileStorageStreamPort/downloadStreamRequest\""
Content-Transfer-Encoding: binary

<?xml version='1.0' encoding='UTF-8'?><S:Envelope xmlns:S="http://www.w3.org/2003/05/soap-envelope"><S:Body><ns3:filenameStream xmlns:ns2="http://ws.learn.tc.cz/mtom/stream/types/" xmlns:ns3="http://ws.learn.tc.cz/mtom/stream/api">small_sample.xml</ns3:filenameStream></S:Body></S:Envelope>
--uuid:d73d7af4-545c-488d-bf3f-fff35c4bbd09--
--------------------

---[HTTP request]---
Accept: application/soap+xml, multipart/related
Connection: keep-alive
Host: localhost:8081
User-agent: JAX-WS RI 2.3.5 git-revision#7ddc91f
Content-type: multipart/related;start="<rootpart*d73d7af4-545c-488d-bf3f-fff35c4bbd09@example.jaxws.sun.com>";type="application/xop+xml";boundary="uuid:d73d7af4-545c-488d-bf3f-fff35c4bbd09";start-info="application/soap+xml;action=\"http://ws.learn.tc.cz/mtom/stream/api/fileStorageStreamPort/downloadStreamRequest\""
Content-length: 672
--uuid:d73d7af4-545c-488d-bf3f-fff35c4bbd09
Content-Id: <rootpart*d73d7af4-545c-488d-bf3f-fff35c4bbd09@example.jaxws.sun.com>
Content-Type: application/xop+xml;charset=utf-8;type="application/soap+xml;action=\"http://ws.learn.tc.cz/mtom/stream/api/fileStorageStreamPort/downloadStreamRequest\""
Content-Transfer-Encoding: binary

<?xml version='1.0' encoding='UTF-8'?><S:Envelope xmlns:S="http://www.w3.org/2003/05/soap-envelope"><S:Body><ns3:filenameStream xmlns:ns2="http://ws.learn.tc.cz/mtom/stream/types/" xmlns:ns3="http://ws.learn.tc.cz/mtom/stream/api">small_sample.xml</ns3:filenameStream></S:Body></S:Envelope>
--uuid:d73d7af4-545c-488d-bf3f-fff35c4bbd09--
--------------------

---[HTTP response 200]---
Date: Mon, 02 May 2022 04:36:25 GMT
Transfer-encoding: chunked
Content-type: multipart/related;start="<rootpart*2e778df5-39ad-44c3-8640-c4c1615b21ad@example.jaxws.sun.com>";type="application/xop+xml";boundary="uuid:2e778df5-39ad-44c3-8640-c4c1615b21ad";start-info="application/soap+xml"
--uuid:2e778df5-39ad-44c3-8640-c4c1615b21ad
Content-Id: <rootpart*2e778df5-39ad-44c3-8640-c4c1615b21ad@example.jaxws.sun.com>
Content-Type: application/xop+xml;charset=utf-8;type="application/soap+xml"
Content-Transfer-Encoding: binary

<?xml version='1.0' encoding='UTF-8'?><S:Envelope xmlns:S="http://www.w3.org/2003/05/soap-envelope"><S:Body><ns2:fileStream xmlns:ns2="http://ws.learn.tc.cz/mtom/stream/types/" xmlns:ns3="http://ws.learn.tc.cz/mtom/stream/api"><fileName>small_sample.xml</fileName><contentData><xop:Include xmlns:xop="http://www.w3.org/2004/08/xop/include" href="cid:02169385-9221-48a0-a64b-beed02d7ade1@example.jaxws.sun.com"/></contentData></ns2:fileStream></S:Body></S:Envelope>
--uuid:2e778df5-39ad-44c3-8640-c4c1615b21ad
Content-Id: <02169385-9221-48a0-a64b-beed02d7ade1@example.jaxws.sun.com>
Content-Type: small_sample.xml
Content-Transfer-Encoding: binary

<?xml version="1.0" encoding="UTF-8"?>
<root>
    <books>
        <book>
            <title>Nazev</title>
            <author>Author</book>
    </books>
</root>


--uuid:2e778df5-39ad-44c3-8640-c4c1615b21ad--
--------------------

---[HTTP response - http://localhost:8081/mtom.ws/fileStorageStreamService - 200]---
null: HTTP/1.1 200 OK
Content-type: multipart/related;start="<rootpart*2e778df5-39ad-44c3-8640-c4c1615b21ad@example.jaxws.sun.com>";type="application/xop+xml";boundary="uuid:2e778df5-39ad-44c3-8640-c4c1615b21ad";start-info="application/soap+xml"
Date: Mon, 02 May 2022 04:36:25 GMT
Transfer-encoding: chunked
--uuid:2e778df5-39ad-44c3-8640-c4c1615b21ad
Content-Id: <rootpart*2e778df5-39ad-44c3-8640-c4c1615b21ad@example.jaxws.sun.com>
Content-Type: application/xop+xml;charset=utf-8;type="application/soap+xml"
Content-Transfer-Encoding: binary

<?xml version='1.0' encoding='UTF-8'?><S:Envelope xmlns:S="http://www.w3.org/2003/05/soap-envelope"><S:Body><ns2:fileStream xmlns:ns2="http://ws.learn.tc.cz/mtom/stream/types/" xmlns:ns3="http://ws.learn.tc.cz/mtom/stream/api"><fileName>small_sample.xml</fileName><contentData><xop:Include xmlns:xop="http://www.w3.org/2004/08/xop/include" href="cid:02169385-9221-48a0-a64b-beed02d7ade1@example.jaxws.sun.com"/></contentData></ns2:fileStream></S:Body></S:Envelope>
--uuid:2e778df5-39ad-44c3-8640-c4c1615b21ad
Content-Id: <02169385-9221-48a0-a64b-beed02d7ade1@example.jaxws.sun.com>
Content-Type: small_sample.xml
Content-Transfer-Encoding: binary

<?xml version="1.0" encoding="UTF-8"?>
<root>
    <books>
        <book>
            <title>Nazev</title>
            <author>Author</book>
    </books>
</root>


--uuid:2e778df5-39ad-44c3-8640-c4c1615b21ad--
--------------------

]]></system-out>
  </testcase>
</testsuite>