<?xml version="1.0" encoding="UTF-8"?>
<testsuite xmlns:xsi="http://www.w3.org/2001/XMLSchema-instance" xsi:noNamespaceSchemaLocation="https://maven.apache.org/surefire/maven-surefire-plugin/xsd/surefire-test-report-3.0.xsd" version="3.0" name="cz.tc.learn.ws.mtom.optimize.FileStorageStreamOptimizeServiceImplTest" time="0.295" tests="5" errors="0" skipped="0" failures="0">
  <properties>
[...]
</properties>
  <testcase name="testTryMtomFeature_SmallDownloadStream" classname="cz.tc.learn.ws.mtom.optimize.FileStorageStreamOptimizeServiceImplTest" time="0">
    <system-out><![CDATA[=================================================

---[HTTP request - http://localhost:8081/mtom.ws/fileStorageStreamService]---
Accept: application/soap+xml, multipart/related
Content-Type: multipart/related;start="<rootpart*8e10af34-e70c-4841-b1fa-dfcf73ceebe5@example.jaxws.sun.com>";type="application/xop+xml";boundary="uuid:8e10af34-e70c-4841-b1fa-dfcf73ceebe5";start-info="application/soap+xml;action=\"http://ws.learn.tc.cz/mtom/stream/api/fileStorageStreamPort/downloadStreamRequest\""
User-Agent: JAX-WS RI 2.3.5 git-revision#7ddc91f
--uuid:8e10af34-e70c-4841-b1fa-dfcf73ceebe5
Content-Id: <rootpart*8e10af34-e70c-4841-b1fa-dfcf73ceebe5@example.jaxws.sun.com>
Content-Type: application/xop+xml;charset=utf-8;type="application/soap+xml;action=\"http://ws.learn.tc.cz/mtom/stream/api/fileStorageStreamPort/downloadStreamRequest\""
Content-Transfer-Encoding: binary

<?xml version='1.0' encoding='UTF-8'?><S:Envelope xmlns:S="http://www.w3.org/2003/05/soap-envelope"><S:Body><ns3:filenameStream xmlns:ns2="http://ws.learn.tc.cz/mtom/stream/types/" xmlns:ns3="http://ws.learn.tc.cz/mtom/stream/api">small_sample.xml</ns3:filenameStream></S:Body></S:Envelope>
--uuid:8e10af34-e70c-4841-b1fa-dfcf73ceebe5--
--------------------

---[HTTP request]---
Accept: application/soap+xml, multipart/related
Connection: keep-alive
Host: localhost:8081
User-agent: JAX-WS RI 2.3.5 git-revision#7ddc91f
Content-type: multipart/related;start="<rootpart*8e10af34-e70c-4841-b1fa-dfcf73ceebe5@example.jaxws.sun.com>";type="application/xop+xml";boundary="uuid:8e10af34-e70c-4841-b1fa-dfcf73ceebe5";start-info="application/soap+xml;action=\"http://ws.learn.tc.cz/mtom/stream/api/fileStorageStreamPort/downloadStreamRequest\""
Content-length: 672
--uuid:8e10af34-e70c-4841-b1fa-dfcf73ceebe5
Content-Id: <rootpart*8e10af34-e70c-4841-b1fa-dfcf73ceebe5@example.jaxws.sun.com>
Content-Type: application/xop+xml;charset=utf-8;type="application/soap+xml;action=\"http://ws.learn.tc.cz/mtom/stream/api/fileStorageStreamPort/downloadStreamRequest\""
Content-Transfer-Encoding: binary

<?xml version='1.0' encoding='UTF-8'?><S:Envelope xmlns:S="http://www.w3.org/2003/05/soap-envelope"><S:Body><ns3:filenameStream xmlns:ns2="http://ws.learn.tc.cz/mtom/stream/types/" xmlns:ns3="http://ws.learn.tc.cz/mtom/stream/api">small_sample.xml</ns3:filenameStream></S:Body></S:Envelope>
--uuid:8e10af34-e70c-4841-b1fa-dfcf73ceebe5--
--------------------

---[HTTP response 200]---
Date: Mon, 02 May 2022 04:36:24 GMT
Transfer-encoding: chunked
Content-type: multipart/related;start="<rootpart*40c630cc-a061-47bb-af87-97c5cf6c6c33@example.jaxws.sun.com>";type="application/xop+xml";boundary="uuid:40c630cc-a061-47bb-af87-97c5cf6c6c33";start-info="application/soap+xml"
--uuid:40c630cc-a061-47bb-af87-97c5cf6c6c33
Content-Id: <rootpart*40c630cc-a061-47bb-af87-97c5cf6c6c33@example.jaxws.sun.com>
Content-Type: application/xop+xml;charset=utf-8;type="application/soap+xml"
Content-Transfer-Encoding: binary

<?xml version='1.0' encoding='UTF-8'?><S:Envelope xmlns:S="http://www.w3.org/2003/05/soap-envelope"><S:Body><ns2:fileStream xmlns:ns2="http://ws.learn.tc.cz/mtom/stream/types/" xmlns:ns3="http://ws.learn.tc.cz/mtom/stream/api"><fileName>small_sample.xml</fileName><contentData><xop:Include xmlns:xop="http://www.w3.org/2004/08/xop/include" href="cid:2f860822-0fb3-4ca6-b8dd-f5f3b84dc433@example.jaxws.sun.com"/></contentData></ns2:fileStream></S:Body></S:Envelope>
--uuid:40c630cc-a061-47bb-af87-97c5cf6c6c33
Content-Id: <2f860822-0fb3-4ca6-b8dd-f5f3b84dc433@example.jaxws.sun.com>
Content-Type: application/octet-stream
Content-Transfer-Encoding: binary

<?xml version="1.0" encoding="UTF-8"?>
<root>
    <books>
        <book>
            <title>Nazev</title>
            <author>Author</book>
    </books>
</root>


--uuid:40c630cc-a061-47bb-af87-97c5cf6c6c33--
--------------------

---[HTTP response - http://localhost:8081/mtom.ws/fileStorageStreamService - 200]---
null: HTTP/1.1 200 OK
Content-type: multipart/related;start="<rootpart*40c630cc-a061-47bb-af87-97c5cf6c6c33@example.jaxws.sun.com>";type="application/xop+xml";boundary="uuid:40c630cc-a061-47bb-af87-97c5cf6c6c33";start-info="application/soap+xml"
Date: Mon, 02 May 2022 04:36:24 GMT
Transfer-encoding: chunked
--uuid:40c630cc-a061-47bb-af87-97c5cf6c6c33
Content-Id: <rootpart*40c630cc-a061-47bb-af87-97c5cf6c6c33@example.jaxws.sun.com>
Content-Type: application/xop+xml;charset=utf-8;type="application/soap+xml"
Content-Transfer-Encoding: binary

<?xml version='1.0' encoding='UTF-8'?><S:Envelope xmlns:S="http://www.w3.org/2003/05/soap-envelope"><S:Body><ns2:fileStream xmlns:ns2="http://ws.learn.tc.cz/mtom/stream/types/" xmlns:ns3="http://ws.learn.tc.cz/mtom/stream/api"><fileName>small_sample.xml</fileName><contentData><xop:Include xmlns:xop="http://www.w3.org/2004/08/xop/include" href="cid:2f860822-0fb3-4ca6-b8dd-f5f3b84dc433@example.jaxws.sun.com"/></contentData></ns2:fileStream></S:Body></S:Envelope>
--uuid:40c630cc-a061-47bb-af87-97c5cf6c6c33
Content-Id: <2f860822-0fb3-4ca6-b8dd-f5f3b84dc433@example.jaxws.sun.com>
Content-Type: application/octet-stream
Content-Transfer-Encoding: binary

<?xml version="1.0" encoding="UTF-8"?>
<root>
    <books>
        <book>
            <title>Nazev</title>
            <author>Author</book>
    </books>
</root>


--uuid:40c630cc-a061-47bb-af87-97c5cf6c6c33--
--------------------

]]></system-out>
  </testcase>
  <testcase name="test_uploadStream" classname="cz.tc.learn.ws.mtom.optimize.FileStorageStreamOptimizeServiceImplTest" time="0.089">
    <system-out><![CDATA[=================================================

---[HTTP request - http://localhost:8081/mtom.ws/fileStorageStreamService]---
Accept: application/soap+xml, multipart/related
Content-Type: multipart/related;start="<rootpart*f35c8310-0858-4423-b3a8-3d8fd191416d@example.jaxws.sun.com>";type="application/xop+xml";boundary="uuid:f35c8310-0858-4423-b3a8-3d8fd191416d";start-info="application/soap+xml;action=\"http://ws.learn.tc.cz/mtom/stream/api/fileStorageStreamPort/uploadStreamRequest\""
User-Agent: JAX-WS RI 2.3.5 git-revision#7ddc91f
--uuid:f35c8310-0858-4423-b3a8-3d8fd191416d
Content-Id: <rootpart*f35c8310-0858-4423-b3a8-3d8fd191416d@example.jaxws.sun.com>
Content-Type: application/xop+xml;charset=utf-8;type="application/soap+xml;action=\"http://ws.learn.tc.cz/mtom/stream/api/fileStorageStreamPort/uploadStreamRequest\""
Content-Transfer-Encoding: binary

<?xml version='1.0' encoding='UTF-8'?><S:Envelope xmlns:S="http://www.w3.org/2003/05/soap-envelope"><S:Body><ns2:fileStream xmlns:ns2="http://ws.learn.tc.cz/mtom/stream/types/" xmlns:ns3="http://ws.learn.tc.cz/mtom/stream/api"><fileName>1651466185028__sample.xml</fileName><contentData><xop:Include xmlns:xop="http://www.w3.org/2004/08/xop/include" href="cid:d90ad65d-0503-4495-9d0f-b865cbe48fe2@example.jaxws.sun.com"/></contentData></ns2:fileStream></S:Body></S:Envelope>
--uuid:f35c8310-0858-4423-b3a8-3d8fd191416d
Content-Id: <d90ad65d-0503-4495-9d0f-b865cbe48fe2@example.jaxws.sun.com>
Content-Type: application/octet-stream
Content-Transfer-Encoding: binary

<?xml version="1.0" encoding="UTF-8"?>
<root>
    <books>
        <book>
            <title>Nazev</title>
            <author>Autor</author>
        </book>
        <book>
            <title>Nazev</title>
            <author>Autor</author>
        </book>
        <book>
            <title>Nazev</title>
            <author>Autor</author>
        </book>
        <book>
            <title>Nazev</title>
            <author>Autor</author>
        </book>
        <book>
            <title>Nazev</title>
            <author>Autor</author>
        </book>
        <book>
            <title>Nazev</title>
            <author>Autor</author>
        </book>
        <book>
            <title>Nazev</title>
            <author>Autor</author>
        </book>
        <book>
            <title>Nazev</title>
            <author>Autor</author>
        </book>
        <book>
            <title>Nazev</title>
            <author>Autor</author>
        </book>
        <book>
            <title>Nazev</title>
            <author>Autor</author>
        </book>
        <book>
            <title>Nazev</title>
            <author>Autor</author>
        </book>
        <book>
            <title>Nazev</title>
            <author>Autor</author>
        </book>
        <book>
            <title>Nazev</title>
            <author>Autor</author>
        </book>
        <book>
            <title>Nazev</title>
            <author>Autor</author>
        </book>
        <book>
            <title>Nazev</title>
            <author>Autor</author>
        </book>
        <book>
            <title>Nazev</title>
            <author>Autor</author>
        </book>
        <book>
            <title>Nazev</title>
            <author>Autor</author>
        </book>
        <book>
            <title>Nazev</title>
            <author>Autor</author>
        </book>
        <book>
            <title>Nazev</title>
            <author>Autor</author>
        </book>
        <book>
            <title>Nazev</title>
            <author>Autor</author>
        </book>
        <book>
            <title>Nazev</title>
            <author>Autor</author>
        </book>
        <book>
            <title>Nazev</title>
            <author>Autor</author>
        </book>
        <book>
            <title>Nazev</title>
            <author>Autor</author>
        </book>
        <book>
            <title>Nazev</title>
            <author>Autor</author>
        </book>
        <book>
            <title>Nazev</title>
            <author>Autor</author>
        </book>
        <book>
            <title>Nazev</title>
            <author>Autor</author>
        </book>
        <book>
            <title>Nazev</title>
            <author>Autor</author>
        </book>
        <book>
            <title>Nazev</title>
            <author>Autor</author>
        </book>
        <book>
            <title>Nazev</title>
            <author>Autor</author>
        </book>
        <book>
            <title>Nazev</title>
            <author>Autor</author>
        </book>
        <book>
            <title>Nazev</title>
            <author>Autor</author>
        </book>
        <book>
            <title>Nazev</title>
            <author>Autor</author>
        </book>
        <book>
            <title>Nazev</title>
            <author>Autor</author>
        </book>
        <book>
            <title>Nazev</title>
            <author>Autor</author>
        </book>
        <book>
            <title>Nazev</title>
            <author>Autor</author>
        </book>
        <book>
            <title>Nazev</title>
            <author>Autor</author>
        </book>
        <book>
            <title>Nazev</title>
            <author>Autor</author>
        </book>
        <book>
            <title>Nazev</title>
            <author>Autor</author>
        </book>
        <book>
            <title>Nazev</title>
            <author>Autor</author>
        </book>
        <book>
            <title>Nazev</title>
            <author>Autor</author>
        </book>
        <book>
            <title>Nazev</title>
            <author>Autor</author>
        </book>
        <book>
            <title>Nazev</title>
            <author>Autor</author>
        </book>
        <book>
            <title>Nazev</title>
            <author>Autor</author>
        </book>
        <book>
            <title>Nazev</title>
            <author>Autor</author>
        </book>
        <book>
            <title>Nazev</title>
            <author>Autor</author>
        </book>
        <book>
            <title>Nazev</title>
            <author>Autor</author>
        </book>
        <book>
            <title>Nazev</title>
            <author>Autor</author>
        </book>
        <book>
            <title>Nazev</title>
            <author>Autor</author>
        </book>
        <book>
            <title>Nazev</title>
            <author>Autor</author>
        </book>
        <book>
            <title>Nazev</title>
            <author>Autor</author>
        </book>
        <book>
            <title>Nazev</title>
            <author>Autor</author>
        </book>
        <book>
            <title>Nazev</title>
            <author>Autor</author>
        </book>
        <book>
            <title>Nazev</title>
            <author>Autor</author>
        </book>
        <book>
            <title>Nazev</title>
            <author>Autor</author>
        </book>
        <book>
            <title>Nazev</title>
            <author>Autor</author>
        </book>
        <book>
            <title>Nazev</title>
            <author>Autor</author>
        </book>
        <book>
            <title>Nazev</title>
            <author>Autor</author>
        </book>
        <book>
            <title>Nazev</title>
            <author>Autor</author>
        </book>
        <book>
            <title>Nazev</title>
            <author>Autor</author>
        </book>
        <book>
            <title>Nazev</title>
            <author>Autor</author>
        </book>
        <book>
            <title>Nazev</title>
            <author>Autor</author>
        </book>
        <book>
            <title>Nazev</title>
            <author>Autor</author>
        </book>
        <book>
            <title>Nazev</title>
            <author>Autor</author>
        </book>
        <book>
            <title>Nazev</title>
            <author>Autor</author>
        </book>
        <book>
            <title>Nazev</title>
            <author>Autor</author>
        </book>
        <book>
            <title>Nazev</title>
            <author>Autor</author>
        </book>
        <book>
            <title>Nazev</title>
            <author>Autor</author>
        </book>
        <book>
            <title>Nazev</title>
            <author>Autor</author>
        </book>
        <book>
            <title>Nazev</title>
            <author>Autor</author>
        </book>
        <book>
            <title>Nazev</title>
            <author>Autor</author>
        </book>
        <book>
            <title>Nazev</title>
            <author>Autor</author>
        </book>
        <book>
            <title>Nazev</title>
            <author>Autor</author>
        </book>
        <book>
            <title>Nazev</title>
            <author>Autor</author>
        </book>
        <book>
            <title>Nazev</title>
            <author>Autor</author>
        </book>
        <book>
            <title>Nazev</title>
            <author>Autor</author>
        </book>
        <book>
            <title>Nazev</title>
            <author>Autor</author>
        </book>
        <book>
            <title>Nazev</title>
            <author>Autor</author>
        </book>
        <book>
            <title>Nazev</title>
            <author>Autor</author>
        </book>
        <book>
            <title>Nazev</title>
            <author>Autor</author>
        </book>
        <book>
            <title>Nazev</title>
            <author>Autor</author>
        </book>
        <book>
            <title>Nazev</title>
            <author>Autor</author>
        </book>
        <book>
            <title>Nazev</title>
            <author>Autor</author>
        </book>
        <book>
            <title>Nazev</title>
            <author>Autor</author>
        </book>
        <book>
            <title>Nazev</title>
            <author>Autor</author>
        </book>
        <book>
            <title>Nazev</title>
            <author>Autor</author>
        </book>
        <book>
            <title>Nazev</title>
            <author>Autor</author>
        </book>
        <book>
            <title>Nazev</title>
            <author>Autor</author>
        </book>
        <book>
            <title>Nazev</title>
            <author>Autor</author>
        </book>
        <book>
            <title>Nazev</title>
            <author>Autor</author>
        </book>
        <book>
            <title>Nazev</title>
            <author>Autor</author>
        </book>
        <book>
            <title>Nazev</title>
            <author>Autor</author>
        </book>
        <book>
            <title>Nazev</title>
            <author>Autor</author>
        </book>
        <book>
            <title>Nazev</title>
            <author>Autor</author>
        </book>
        <book>
            <title>Nazev</title>
            <author>Autor</author>
        </book>
        <book>
            <title>Nazev</title>
            <author>Autor</author>
        </book>
        <book>
            <title>Nazev</title>
            <author>Autor</author>
        </book>
        <book>
            <title>Nazev</title>
            <author>Autor</author>
        </book>
        <book>
            <title>Nazev</title>
            <author>Autor</author>
        </book>
        <book>
            <title>Nazev</title>
            <author>Autor</author>
        </book>
        <book>
            <title>Nazev</title>
            <author>Autor</author>
        </book>
        <book>
            <title>Nazev</title>
            <author>Autor</author>
        </book>
        <book>
            <title>Nazev</title>
            <author>Autor</author>
        </book>
        <book>
            <title>Nazev</title>
            <author>Autor</author>
        </book>
        <book>
            <title>Nazev</title>
            <author>Autor</author>
        </book>
        <book>
            <title>Nazev</title>
            <author>Autor</author>
        </book>
        <book>
            <title>Nazev</title>
            <author>Autor</author>
        </book>
        <book>
            <title>Nazev</title>
            <author>Autor</author>
        </book>
        <book>
            <title>Nazev</title>
            <author>Autor</author>
        </book>
        <book>
            <title>Nazev</title>
            <author>Autor</author>
        </book>
        <book>
            <title>Nazev</title>
            <author>Autor</author>
        </book>
        <book>
            <title>Nazev</title>
            <author>Autor</author>
        </book>
        <book>
            <title>Nazev</title>
            <author>Autor</author>
        </book>
        <book>
            <title>Nazev</title>
            <author>Autor</author>
        </book>
        <book>
            <title>Nazev</title>
            <author>Autor</author>
        </book>
        <book>
            <title>Nazev</title>
            <author>Autor</author>
        </book>
        <book>
            <title>Nazev</title>
            <author>Autor</author>
        </book>
        <book>
            <title>Nazev</title>
            <author>Autor</author>
        </book>
        <book>
            <title>Nazev</title>
            <author>Autor</author>
        </book>
        <book>
            <title>Nazev</title>
            <author>Autor</author>
        </book>
        <book>
            <title>Nazev</title>
            <author>Autor</author>
        </book>
        <book>
            <title>Nazev</title>
            <author>Autor</author>
        </book>
        <book>
            <title>Nazev</title>
            <author>Autor</author>
        </book>
        <book>
            <title>Nazev</title>
            <author>Autor</author>
        </book>
        <book>
            <title>Nazev</title>
            <author>Autor</author>
        </book>
        <book>
            <title>Nazev</title>
            <author>Autor</author>
        </book>
        <book>
            <title>Nazev</title>
            <author>Autor</author>
        </book>
        <book>
            <title>Nazev</title>
            <author>Autor</author>
        </book>
        <book>
            <title>Nazev</title>
            <author>Autor</author>
        </book>
        <book>
            <title>Nazev</title>
            <author>Autor</author>
        </book>
        <book>
            <title>Nazev</title>
            <author>Autor</author>
        </book>
        <book>
            <title>Nazev</title>
            <author>Autor</author>
        </book>
        <book>
            <title>Nazev</title>
            <author>Autor</author>
        </book>
        <book>
            <title>Nazev</title>
            <author>Autor</author>
        </book>
        <book>
            <title>Nazev</title>
            <author>Autor</author>
        </book>
        <book>
            <title>Nazev</title>
            <author>Autor</author>
        </book>
        <book>
            <title>Nazev</title>
            <author>Autor</author>
        </book>
        <book>
            <title>Nazev</title>
            <author>Autor</author>
        </book>
        <book>
            <title>Nazev</title>
            <author>Autor</author>
        </book>
        <book>
            <title>Nazev</title>
            <author>Autor</author>
        </book>
        <book>
            <title>Nazev</title>
            <author>Autor</author>
        </book>
        <book>
            <title>Nazev</title>
            <author>Autor</author>
        </book>
        <book>
            <title>Nazev</title>
            <author>Autor</author>
        </book>
        <book>
            <title>Nazev</title>
            <author>Autor</author>
        </book>
        <book>
            <title>Nazev</title>
            <author>Autor</author>
        </book>
        <book>
            <title>Nazev</title>
            <author>Autor</author>
        </book>
        <book>
            <title>Nazev</title>
            <author>Autor</author>
        </book>
        <book>
            <title>Nazev</title>
            <author>Autor</author>
        </book>
        <book>
            <title>Nazev</title>
            <author>Autor</author>
        </book>
        <book>
            <title>Nazev</title>
            <author>Autor</author>
        </book>
        <book>
            <title>Nazev</title>
            <author>Autor</author>
        </book>
        <book>
            <title>Nazev</title>
            <author>Autor</author>
        </book>
        <book>
            <title>Nazev</title>
            <author>Autor</author>
        </book>
        <book>
            <title>Nazev</title>
            <author>Autor</author>
        </book>
        <book>
            <title>Nazev</title>
            <author>Autor</author>
        </book>
        <book>
            <title>Nazev</title>
            <author>Autor</author>
        </book>
        <book>
            <title>Nazev</title>
            <author>Autor</author>
        </book>
        <book>
            <title>Nazev</title>
            <author>Autor</author>
        </book>
        <book>
            <title>Nazev</title>
            <author>Autor</author>
        </book>
        <book>
            <title>Nazev</title>
            <author>Autor</author>
        </book>
        <book>
            <title>Nazev</title>
            <author>Autor</author>
        </book>
        <book>
            <title>Nazev</title>
            <author>Autor</author>
        </book>
        <book>
            <title>Nazev</title>
            <author>Autor</author>
        </book>
        <book>
            <title>Nazev</title>
            <author>Autor</author>
        </book>
        <book>
            <title>Nazev</title>
            <author>Autor</author>
        </book>
        <book>
            <title>Nazev</title>
            <author>Autor</author>
        </book>
        <book>
            <title>Nazev</title>
            <author>Autor</author>
        </book>
        <book>
            <title>Nazev</title>
            <author>Autor</author>
        </book>
        <book>
            <title>Nazev</title>
            <author>Autor</author>
        </book>
        <book>
            <title>Nazev</title>
            <author>Autor</author>
        </book>
        <book>
            <title>Nazev</title>
            <author>Autor</author>
        </book>
        <book>
            <title>Nazev</title>
            <author>Autor</author>
        </book>
        <book>
            <title>Nazev</title>
            <author>Autor</author>
        </book>
        <book>
            <title>Nazev</title>
            <author>Autor</author>
        </book>
        <book>
            <title>Nazev</title>
            <author>Autor</author>
        </book>
        <book>
            <title>Nazev</title>
            <author>Autor</author>
        </book>
        <book>
            <title>Nazev</title>
            <author>Autor</author>
        </book>
        <book>
            <title>Nazev</title>
            <author>Autor</author>
        </book>
        <book>
            <title>Nazev</title>
            <author>Autor</author>
        </book>
        <book>
            <title>Nazev</title>
            <author>Autor</author>
        </book>
        <book>
            <title>Nazev</title>
            <author>Autor</author>
        </book>
        <book>
            <title>Nazev</title>
            <author>Autor</author>
        </book>
        <book>
            <title>Nazev</title>
            <author>Autor</author>
        </book>
        <book>
            <title>Nazev</title>
            <author>Autor</author>
        </book>
        <book>
            <title>Nazev</title>
            <author>Autor</author>
        </book>
        <book>
            <title>Nazev</title>
            <author>Autor</author>
        </book>
        <book>
            <title>Nazev</title>
            <author>Autor</author>
        </book>
        <book>
            <title>Nazev</title>
            <author>Autor</author>
        </book>
        <book>
            <title>Nazev</title>
            <author>Autor</author>
        </book>
        <book>
            <title>Nazev</title>
            <author>Autor</author>
        </book>
        <book>
            <title>Nazev</title>
            <author>Autor</author>
        </book>
        <book>
            <title>Nazev</title>
            <author>Autor</author>
        </book>
        <book>
            <title>Nazev</title>
            <author>Autor</author>
        </book>
        <book>
            <title>Nazev</title>
            <author>Autor</author>
        </book>
        <book>
            <title>Nazev</title>
            <author>Autor</author>
        </book>
        <book>
            <title>Nazev</title>
            <author>Autor</author>
        </book>
        <book>
            <title>Nazev</title>
            <author>Autor</author>
        </book>
        <book>
            <title>Nazev</title>
            <author>Autor</author>
        </book>
        <book>
            <title>Nazev</title>
            <author>Autor</author>
        </book>
        <book>
            <title>Nazev</title>
            <author>Autor</author>
        </book>
        <book>
            <title>Nazev</title>
            <author>Autor</author>
        </book>
        <book>
            <title>Nazev</title>
            <author>Autor</author>
        </book>
        <book>
            <title>Nazev</title>
            <author>Autor</author>
        </book>
        <book>
            <title>Nazev</title>
            <author>Autor</author>
        </book>
        <book>
            <title>Nazev</title>
            <author>Autor</author>
        </book>
        <book>
            <title>Nazev</title>
            <author>Autor</author>
        </book>
        <book>
            <title>Nazev</title>
            <author>Autor</author>
        </book>
        <book>
            <title>Nazev</title>
            <author>Autor</author>
        </book>
        <book>
            <title>Nazev</title>
            <author>Autor</author>
        </book>
        <book>
            <title>Nazev</title>
            <author>Autor</author>
        </book>
        <book>
            <title>Nazev</title>
            <author>Autor</author>
        </book>
        <book>
            <title>Nazev</title>
            <author>Autor</author>
        </book>
        <book>
            <title>Nazev</title>
            <author>Autor</author>
        </book>
        <book>
            <title>Nazev</title>
            <author>Autor</author>
        </book>
        <book>
            <title>Nazev</title>
            <author>Autor</author>
        </book>
        <book>
            <title>Nazev</title>
            <author>Autor</author>
        </book>
        <book>
            <title>Nazev</title>
            <author>Autor</author>
        </book>
        <book>
            <title>Nazev</title>
            <author>Autor</author>
        </book>
        <book>
            <title>Nazev</title>
            <author>Autor</author>
        </book>
        <book>
            <title>Nazev</title>
            <author>Autor</author>
        </book>
        <book>
            <title>Nazev</title>
            <author>Autor</author>
        </book>
        <book>
            <title>Nazev</title>
            <author>Autor</author>
        </book>
        <book>
            <title>Nazev</title>
            <author>Autor</author>
        </book>
        <book>
            <title>Nazev</title>
            <author>Autor</author>
        </book>
        <book>
            <title>Nazev</title>
            <author>Autor</author>
        </book>
        <book>
            <title>Nazev</title>
            <author>Autor</author>
        </book>
        <book>
            <title>Nazev</title>
            <author>Autor</author>
        </book>
        <book>
            <title>Nazev</title>
            <author>Autor</author>
        </book>
        <book>
            <title>Nazev</title>
            <author>Autor</author>
        </book>
        <book>
            <title>Nazev</title>
            <author>Autor</author>
        </book>
        <book>
            <title>Nazev</title>
            <author>Autor</author>
        </book>
        <book>
            <title>Nazev</title>
            <author>Autor</author>
        </book>
        <book>
            <title>Nazev</title>
            <author>Autor</author>
        </book>
        <book>
            <title>Nazev</title>
            <author>Autor</author>
        </book>
        <book>
            <title>Nazev</title>
            <author>Autor</author>
        </book>
        <book>
            <title>Nazev</title>
            <author>Autor</author>
        </book>
        <book>
            <title>Nazev</title>
            <author>Autor</author>
        </book>
        <book>
            <title>Nazev</title>
            <author>Autor</author>
        </book>
        <book>
            <title>Nazev</title>
            <author>Autor</author>
        </book>
        <book>
            <title>Nazev</title>
            <author>Autor</author>
        </book>
        <book>
            <title>Nazev</title>
            <author>Autor</author>
        </book>
        <book>
            <title>Nazev</title>
            <author>Autor</author>
        </book>
        <book>
            <title>Nazev</title>
            <author>Autor</author>
        </book>
        <book>
            <title>Nazev</title>
            <author>Autor</author>
        </book>
        <book>
            <title>Nazev</title>
            <author>Autor</author>
        </book>
        <book>
            <title>Nazev</title>
            <author>Autor</author>
        </book>
        <book>
            <title>Nazev</title>
            <author>Autor</author>
        </book>
        <book>
            <title>Nazev</title>
            <author>Autor</author>
        </book>
        <book>
            <title>Nazev</title>
            <author>Autor</author>
        </book>
        <book>
            <title>Nazev</title>
            <author>Autor</author>
        </book>
        <book>
            <title>Nazev</title>
            <author>Autor</author>
        </book>
        <book>
            <title>Nazev</title>
            <author>Autor</author>
        </book>
        <book>
            <title>Nazev</title>
            <author>Autor</author>
        </book>
        <book>
            <title>Nazev</title>
            <author>Autor</author>
        </book>
        <book>
            <title>Nazev</title>
            <author>Autor</author>
        </book>
        <book>
            <title>Nazev</title>
            <author>Autor</author>
        </book>
        <book>
            <title>Nazev</title>
            <author>Autor</author>
        </book>
        <book>
            <title>Nazev</title>
            <author>Autor</author>
        </book>
        <book>
            <title>Nazev</title>
            <author>Autor</author>
        </book>
        <book>
            <title>Nazev</title>
            <author>Autor</author>
        </book>
        <book>
            <title>Nazev</title>
            <author>Autor</author>
        </book>
        <book>
            <title>Nazev</title>
            <author>Autor</author>
        </book>
        <book>
            <title>Nazev</title>
            <author>Autor</author>
        </book>
        <book>
            <title>Nazev</title>
            <author>Autor</author>
        </book>
        <book>
            <title>Nazev</title>
            <author>Autor</author>
        </book>
        <book>
            <title>Nazev</title>
            <author>Autor</author>
        </book>
        <book>
            <title>Nazev</title>
            <author>Autor</author>
        </book>
        <book>
            <title>Nazev</title>
            <author>Autor</author>
        </book>
        <book>
            <title>Nazev</title>
            <author>Autor</author>
        </book>
        <book>
            <title>Nazev</title>
            <author>Autor</author>
        </book>
        <book>
            <title>Nazev</title>
            <author>Autor</author>
        </book>
        <book>
            <title>Nazev</title>
            <author>Autor</author>
        </book>
        <book>
            <title>Nazev</title>
            <author>Autor</author>
        </book>
        <book>
            <title>Nazev</title>
            <author>Autor</author>
        </book>
        <book>
            <title>Nazev</title>
            <author>Autor</author>
        </book>
        <book>
            <title>Nazev</title>
            <author>Autor</author>
        </book>
        <book>
            <title>Nazev</title>
            <author>Autor</author>
        </book>
        <book>
            <title>Nazev</title>
            <author>Autor</author>
        </book>
        <book>
            <title>Nazev</title>
            <author>Autor</author>
        </book>
        <book>
            <title>Nazev</title>
            <author>Autor</author>
        </book>
        <book>
            <title>Nazev</title>
            <author>Autor</author>
        </book>
        <book>
            <title>Nazev</title>
            <author>Autor</author>
        </book>
        <book>
            <title>Nazev</title>
            <author>Autor</author>
        </book>
        <book>
            <title>Nazev</title>
            <author>Autor</author>
        </book>
        <book>
            <title>Nazev</title>
            <author>Autor</author>
        </book>
        <book>
            <title>Nazev</title>
            <author>Autor</author>
        </book>
        <book>
            <title>Nazev</title>
            <author>Autor</author>
        </book>
        <book>
            <title>Nazev</title>
            <author>Autor</author>
        </book>
        <book>
            <title>Nazev</title>
            <author>Autor</author>
        </book>
        <book>
            <title>Nazev</title>
            <author>Autor</author>
        </book>
        <book>
            <title>Nazev</title>
            <author>Autor</author>
        </book>
        <book>
            <title>Nazev</title>
            <author>Autor</author>
        </book>
        <book>
            <title>Nazev</title>
            <author>Autor</author>
        </book>
        <book>
            <title>Nazev</title>
            <author>Autor</author>
        </book>
        <book>
            <title>Nazev</title>
            <author>Autor</author>
        </book>
        <book>
            <title>Nazev</title>
            <author>Autor</author>
        </book>
        <book>
            <title>Nazev</title>
            <author>Autor</author>
        </book>
        <book>
            <title>Nazev</title>
            <author>Autor</author>
        </book>
        <book>
            <title>Nazev</title>
            <author>Autor</author>
        </book>
        <book>
            <title>Nazev</title>
            <author>Autor</author>
        </book>
        <book>
            <title>Nazev</title>
            <author>Autor</author>
        </book>
        <book>
            <title>Nazev</title>
            <author>Autor</author>
        </book>
        <book>
            <title>Nazev</title>
            <author>Autor</author>
        </book>
        <book>
            <title>Nazev</title>
            <author>Autor</author>
        </book>
        <book>
            <title>Nazev</title>
            <author>Autor</author>
        </book>
        <book>
            <title>Nazev</title>
            <author>Autor</author>
        </book>
        <book>
            <title>Nazev</title>
            <author>Autor</author>
        </book>
        <book>
            <title>Nazev</title>
            <author>Autor</author>
        </book>
        <book>
            <title>Nazev</title>
            <author>Autor</author>
        </book>
        <book>
            <title>Nazev</title>
            <author>Autor</author>
        </book>
        <book>
            <title>Nazev</title>
            <author>Autor</author>
        </book>
        <book>
            <title>Nazev</title>
            <author>Autor</author>
        </book>
        <book>
            <title>Nazev</title>
            <author>Autor</author>
        </book>
        <book>
            <title>Nazev</title>
            <author>Autor</author>
        </book>
        <book>
            <title>Nazev</title>
            <author>Autor</author>
        </book>
        <book>
            <title>Nazev</title>
            <author>Autor</author>
        </book>
        <book>
            <title>Nazev</title>
            <author>Autor</author>
        </book>
        <book>
            <title>Nazev</title>
            <author>Autor</author>
        </book>
        <book>
            <title>Nazev</title>
            <author>Autor</author>
        </book>
        <book>
            <title>Nazev</title>
            <author>Autor</author>
        </book>
        <book>
            <title>Nazev</title>
            <author>Autor</author>
        </book>
        <book>
            <title>Nazev</title>
            <author>Autor</author>
        </book>
        <book>
            <title>Nazev</title>
            <author>Autor</author>
        </book>
        <book>
            <title>Nazev</title>
            <author>Autor</author>
        </book>
        <book>
            <title>Nazev</title>
            <author>Autor</author>
        </book>
        <book>
            <title>Nazev</title>
            <author>Autor</author>
        </book>
        <book>
            <title>Nazev</title>
            <author>Autor</author>
        </book>
        <book>
            <title>Nazev</title>
            <author>Autor</author>
        </book>
        <book>
            <title>Nazev</title>
            <author>Autor</author>
        </book>
        <book>
            <title>Nazev</title>
            <author>Autor</author>
        </book>
        <book>
            <title>Nazev</title>
            <author>Autor</author>
        </book>
        <book>
            <title>Nazev</title>
            <author>Autor</author>
        </book>
        <book>
            <title>Nazev</title>
            <author>Autor</author>
        </book>
        <book>
            <title>Nazev</title>
            <author>Autor</author>
        </book>
        <book>
            <title>Nazev</title>
            <author>Autor</author>
        </book>
        <book>
            <title>Nazev</title>
            <author>Autor</author>
        </book>
        <book>
            <title>Nazev</title>
            <author>Autor</author>
        </book>
        <book>
            <title>Nazev</title>
            <author>Autor</author>
        </book>
        <book>
            <title>Nazev</title>
            <author>Autor</author>
        </book>
        <book>
            <title>Nazev</title>
            <author>Autor</author>
        </book>
        <book>
            <title>Nazev</title>
            <author>Autor</author>
        </book>
        <book>
            <title>Nazev</title>
            <author>Autor</author>
        </book>
        <book>
            <title>Nazev</title>
            <author>Autor</author>
        </book>
        <book>
            <title>Nazev</title>
            <author>Autor</author>
        </book>
        <book>
            <title>Nazev</title>
            <author>Autor</author>
        </book>
        <book>
            <title>Nazev</title>
            <author>Autor</author>
        </book>
        <book>
            <title>Nazev</title>
            <author>Autor</author>
        </book>
        <book>
            <title>Nazev</title>
            <author>Autor</author>
        </book>
        <book>
            <title>Nazev</title>
            <author>Autor</author>
        </book>
        <book>
            <title>Nazev</title>
            <author>Autor</author>
        </book>
        <book>
            <title>Nazev</title>
            <author>Autor</author>
        </book>
        <book>
            <title>Nazev</title>
            <author>Autor</author>
        </book>
        <book>
            <title>Nazev</title>
            <author>Autor</author>
        </book>
        <book>
            <title>Nazev</title>
            <author>Autor</author>
        </book>
        <book>
            <title>Nazev</title>
            <author>Autor</author>
        </book>
        <book>
            <title>Nazev</title>
            <author>Autor</author>
        </book>
        <book>
            <title>Nazev</title>
            <author>Autor</author>
        </book>
        <book>
            <title>Nazev</title>
            <author>Autor</author>
        </book>
        <book>
            <title>Nazev</title>
            <author>Autor</author>
        </book>
        <book>
            <title>Nazev</title>
            <author>Autor</author>
        </book>
        <book>
            <title>Nazev</title>
            <author>Autor</author>
        </book>
        <book>
            <title>Nazev</title>
            <author>Autor</author>
        </book>
        <book>
            <title>Nazev</title>
            <author>Autor</author>
        </book>
        <book>
            <title>Nazev</title>
            <author>Autor</author>
        </book>
        <book>
            <title>Nazev</title>
            <author>Autor</author>
        </book>
        <book>
            <title>Nazev</title>
            <author>Autor</author>
        </book>
        <book>
            <title>Nazev</title>
            <author>Autor</author>
        </book>
        <book>
            <title>Nazev</title>
            <author>Autor</author>
        </book>
        <book>
            <title>Nazev</title>
            <author>Autor</author>
        </book>
        <book>
            <title>Nazev</title>
            <author>Autor</author>
        </book>
        <book>
            <title>Nazev</title>
            <author>Autor</author>
        </book>
        <book>
            <title>Nazev</title>
            <author>Autor</author>
        </book>
        <book>
            <title>Nazev</title>
            <author>Autor</author>
        </book>
        <book>
            <title>Nazev</title>
            <author>Autor</author>
        </book>
        <book>
            <title>Nazev</title>
            <author>Autor</author>
        </book>
        <book>
            <title>Nazev</title>
            <author>Autor</author>
        </book>
        <book>
            <title>Nazev</title>
            <author>Autor</author>
        </book>
        <book>
            <title>Nazev</title>
            <author>Autor</author>
        </book>
        <book>
            <title>Nazev</title>
            <author>Autor</author>
        </book>
        <book>
            <title>Nazev</title>
            <author>Autor</author>
        </book>
        <book>
            <title>Nazev</title>
            <author>Autor</author>
        </book>
        <book>
            <title>Nazev</title>
            <author>Autor</author>
        </book>
        <book>
            <title>Nazev</title>
            <author>Autor</author>
        </book>
        <book>
            <title>Nazev</title>
            <author>Autor</author>
        </book>
        <book>
            <title>Nazev</title>
            <author>Autor</author>
        </book>
        <book>
            <title>Nazev</title>
            <author>Autor</author>
        </book>
        <book>
            <title>Nazev</title>
            <author>Autor</author>
        </book>
        <book>
            <title>Nazev</title>
            <author>Autor</author>
        </book>
        <book>
            <title>Nazev</title>
            <author>Autor</author>
        </book>
        <book>
            <title>Nazev</title>
            <author>Autor</author>
        </book>
        <book>
            <title>Nazev</title>
            <author>Autor</author>
        </book>
        <book>
            <title>Nazev</title>
            <author>Autor</author>
        </book>
        <book>
            <title>Nazev</title>
            <author>Autor</author>
        </book>
        <book>
            <title>Nazev</title>
            <author>Autor</author>
        </book>
        <book>
            <title>Nazev</title>
            <author>Autor</author>
        </book>
        <book>
            <title>Nazev</title>
            <author>Autor</author>
        </book>
        <book>
            <title>Nazev</title>
            <author>Autor</author>
        </book>
        <book>
            <title>Nazev</title>
            <author>Autor</author>
        </book>
        <book>
            <title>Nazev</title>
            <author>Autor</author>
        </book>
        <book>
            <title>Nazev</title>
            <author>Autor</author>
        </book>
        <book>
            <title>Nazev</title>
            <author>Autor</author>
        </book>
        <book>
            <title>Nazev</title>
            <author>Autor</author>
        </book>
        <book>
            <title>Nazev</title>
            <author>Autor</author>
        </book>
        <book>
            <title>Nazev</title>
            <author>Autor</author>
        </book>
        <book>
            <title>Nazev</title>
            <author>Autor</author>
        </book>
        <book>
            <title>Nazev</title>
            <author>Autor</author>
        </book>
        <book>
            <title>Nazev</title>
            <author>Autor</author>
        </book>
        <book>
            <title>Nazev</title>
            <author>Autor</author>
        </book>
        <book>
            <title>Nazev</title>
            <author>Autor</author>
        </book>
        <book>
            <title>Nazev</title>
            <author>Autor</author>
        </book>
        <book>
            <title>Nazev</title>
            <author>Autor</author>
        </book>
        <book>
            <title>Nazev</title>
            <author>Autor</author>
        </book>
        <book>
            <title>Nazev</title>
            <author>Autor</author>
        </book>
        <book>
            <title>Nazev</title>
            <author>Autor</author>
        </book>
        <book>
            <title>Nazev</title>
            <author>Autor</author>
        </book>
        <book>
            <title>Nazev</title>
            <author>Autor</author>
        </book>
        <book>
            <title>Nazev</title>
            <author>Autor</author>
        </book>
        <book>
            <title>Nazev</title>
            <author>Autor</author>
        </book>
        <book>
            <title>Nazev</title>
            <author>Autor</author>
        </book>
        <book>
            <title>Nazev</title>
            <author>Autor</author>
        </book>
        <book>
            <title>Nazev</title>
            <author>Autor</author>
        </book>
        <book>
            <title>Nazev</title>
            <author>Autor</author>
        </book>
        <book>
            <title>Nazev</title>
            <author>Autor</author>
        </book>
        <book>
            <title>Nazev</title>
            <author>Autor</author>
        </book>
        <book>
            <title>Nazev</title>
            <author>Autor</author>
        </book>
        <book>
            <title>Nazev</title>
            <author>Autor</author>
        </book>
        <book>
            <title>Nazev</title>
            <author>Autor</author>
        </book>
        <book>
            <title>Nazev</title>
            <author>Autor</author>
        </book>
        <book>
            <title>Nazev</title>
            <author>Autor</author>
        </book>
        <book>
            <title>Nazev</title>
            <author>Autor</author>
        </book>
        <book>
            <title>Nazev</title>
            <author>Autor</author>
        </book>
        <book>
            <title>Nazev</title>
            <author>Autor</author>
        </book>
        <book>
            <title>Nazev</title>
            <author>Autor</author>
        </book>
        <book>
            <title>Nazev</title>
            <author>Autor</author>
        </book>
        <book>
            <title>Nazev</title>
            <author>Autor</author>
        </book>
        <book>
            <title>Nazev</title>
            <author>Autor</author>
        </book>
        <book>
            <title>Nazev</title>
            <author>Autor</author>
        </book>
        <book>
            <title>Nazev</title>
            <author>Autor</author>
        </book>
        <book>
            <title>Nazev</title>
            <author>Autor</author>
        </book>
        <book>
            <title>Nazev</title>
            <author>Autor</author>
        </book>
        <book>
            <title>Nazev</title>
            <author>Autor</author>
        </book>
        <book>
            <title>Nazev</title>
            <author>Autor</author>
        </book>
        <book>
            <title>Nazev</title>
            <author>Autor</author>
        </book>
        <book>
            <title>Nazev</title>
            <author>Autor</author>
        </book>
        <book>
            <title>Nazev</title>
            <author>Autor</author>
        </book>
        <book>
            <title>Nazev</title>
            <author>Autor</author>
        </book>
        <book>
            <title>Nazev</title>
            <author>Autor</author>
        </book>
        <book>
            <title>Nazev</title>
            <author>Autor</author>
        </book>
        <book>
            <title>Nazev</title>
            <author>Autor</author>
        </book>
        <book>
            <title>Nazev</title>
            <author>Autor</author>
        </book>
        <book>
            <title>Nazev</title>
            <author>Autor</author>
        </book>
        <book>
            <title>Nazev</title>
            <author>Autor</author>
        </book>
        <book>
            <title>Nazev</title>
            <author>Autor</author>
        </book>
        <book>
            <title>Nazev</title>
            <author>Autor</author>
        </book>
        <book>
            <title>Nazev</title>
            <author>Autor</author>
        </book>
        <book>
            <title>Nazev</title>
            <author>Autor</author>
        </book>
        <book>
            <title>Nazev</title>
            <author>Autor</author>
        </book>
        <book>
            <title>Nazev</title>
            <author>Autor</author>
        </book>
        <book>
            <title>Nazev</title>
            <author>Autor</author>
        </book>
        <book>
            <title>Nazev</title>
            <author>Autor</author>
        </book>
        <book>
            <title>Nazev</title>
            <author>Autor</author>
        </book>
        <book>
            <title>Nazev</title>
            <author>Autor</author>
        </book>
        <book>
            <title>Nazev</title>
            <author>Autor</author>
        </book>
        <book>
            <title>Nazev</title>
            <author>Autor</author>
        </book>
        <book>
            <title>Nazev</title>
            <author>Autor</author>
        </book>
        <book>
            <title>Nazev</title>
            <author>Autor</author>
        </book>
        <book>
            <title>Nazev</title>
            <author>Autor</author>
        </book>
        <book>
            <title>Nazev</title>
            <author>Autor</author>
        </book>
        <book>
            <title>Nazev</title>
            <author>Autor</author>
        </book>
        <book>
            <title>Nazev</title>
            <author>Autor</author>
        </book>
        <book>
            <title>Nazev</title>
            <author>Autor</author>
        </book>
        <book>
            <title>Nazev</title>
            <author>Autor</author>
        </book>
        <book>
            <title>Nazev</title>
            <author>Autor</author>
        </book>
        <book>
            <title>Nazev</title>
            <author>Autor</author>
        </book>
        <book>
            <title>Nazev</title>
            <author>Autor</author>
        </book>
        <book>
            <title>Nazev</title>
            <author>Autor</author>
        </book>
        <book>
            <title>Nazev</title>
            <author>Autor</author>
        </book>
        <book>
            <title>Nazev</title>
            <author>Autor</author>
        </book>
        <book>
            <title>Nazev</title>
            <author>Autor</author>
        </book>
        <book>
            <title>Nazev</title>
            <author>Autor</author>
        </book>
        <book>
            <title>Nazev</title>
            <author>Autor</author>
        </book>
        <book>
            <title>Nazev</title>
            <author>Autor</author>
        </book>
        <book>
            <title>Nazev</title>
            <author>Autor</author>
        </book>
        <book>
            <title>Nazev</title>
            <author>Autor</author>
        </book>
        <book>
            <title>Nazev</title>
            <author>Autor</author>
        </book>
        <book>
            <title>Nazev</title>
            <author>Autor</author>
        </book>
        <book>
            <title>Nazev</title>
            <author>Autor</author>
        </book>
        <book>
            <title>Nazev</title>
            <author>Autor</author>
        </book>
        <book>
            <title>Nazev</title>
            <author>Autor</author>
        </book>
        <book>
            <title>Nazev</title>
            <author>Autor</author>
        </book>
        <book>
            <title>Nazev</title>
            <author>Autor</author>
        </book>
        <book>
            <title>Nazev</title>
            <author>Autor</author>
        </book>
        <book>
            <title>Nazev</title>
            <author>Autor</author>
        </book>
        <book>
            <title>Nazev</title>
            <author>Autor</author>
        </book>
        <book>
            <title>Nazev</title>
            <author>Autor</author>
        </book>
        <book>
            <title>Nazev</title>
            <author>Autor</author>
        </book>
        <book>
            <title>Nazev</title>
            <author>Autor</author>
        </book>
        <book>
            <title>Nazev</title>
            <author>Autor</author>
        </book>
        <book>
            <title>Nazev</title>
            <author>Autor</author>
        </book>
        <book>
            <title>Nazev</title>
            <author>Autor</author>
        </book>
        <book>
            <title>Nazev</title>
            <author>Autor</author>
        </book>
        <book>
            <title>Nazev</title>
            <author>Autor</author>
        </book>
        <book>
            <title>Nazev</title>
            <author>Autor</author>
        </book>
        <book>
            <title>Nazev</title>
            <author>Autor</author>
        </book>
        <book>
            <title>Nazev</title>
            <author>Autor</author>
        </book>
        <book>
            <title>Nazev</title>
            <author>Autor</author>
        </book>
        <book>
            <title>Nazev</title>
            <author>Autor</author>
        </book>
        <book>
            <title>Nazev</title>
            <author>Autor</author>
        </book>
        <book>
            <title>Nazev</title>
            <author>Autor</author>
        </book>
        <book>
            <title>Nazev</title>
            <author>Autor</author>
        </book>
        <book>
            <title>Nazev</title>
            <author>Autor</author>
        </book>
        <book>
            <title>Nazev</title>
            <author>Autor</author>
        </book>
        <book>
            <title>Nazev</title>
            <author>Autor</author>
        </book>
        <book>
            <title>Nazev</title>
            <author>Autor</author>
        </book>
        <book>
            <title>Nazev</title>
            <author>Autor</author>
        </book>
        <book>
            <title>Nazev</title>
            <author>Autor</author>
        </book>
        <book>
            <title>Nazev</title>
            <author>Autor</author>
        </book>
        <book>
            <title>Nazev</title>
            <author>Autor</author>
        </book>
        <book>
            <title>Nazev</title>
            <author>Autor</author>
        </book>
        <book>
            <title>Nazev</title>
            <author>Autor</author>
        </book>
        <book>
            <title>Nazev</title>
            <author>Autor</author>
        </book>
        <book>
            <title>Nazev</title>
            <author>Autor</author>
        </book>
        <book>
            <title>Nazev</title>
            <author>Autor</author>
        </book>
        <book>
            <title>Nazev</title>
            <author>Autor</author>
        </book>
        <book>
            <title>Nazev</title>
            <author>Autor</author>
        </book>
        <book>
            <title>Nazev</title>
            <author>Autor</author>
        </book>
        <book>
            <title>Nazev</title>
            <author>Autor</author>
        </book>
        <book>
            <title>Nazev</title>
            <author>Autor</author>
        </book>
        <book>
            <title>Nazev</title>
            <author>Autor</author>
        </book>
        <book>
            <title>Nazev</title>
            <author>Autor</author>
        </book>
        <book>
            <title>Nazev</title>
            <author>Autor</author>
        </book>
        <book>
            <title>Nazev</title>
            <author>Autor</author>
        </book>
        <book>
            <title>Nazev</title>
            <author>Autor</author>
        </book>
        <book>
            <title>Nazev</title>
            <author>Autor</author>
        </book>
        <book>
            <title>Nazev</title>
            <author>Autor</author>
        </book>
        <book>
            <title>Nazev</title>
            <author>Autor</author>
        </book>
        <book>
            <title>Nazev</title>
            <author>Autor</author>
        </book>
        <book>
            <title>Nazev</title>
            <author>Autor</author>
        </book>
        <book>
            <title>Nazev</title>
            <author>Autor</author>
        </book>
        <book>
            <title>Nazev</title>
            <author>Autor</author>
        </book>
        <book>
            <title>Nazev</title>
            <author>Autor</author>
        </book>
        <book>
            <title>Nazev</title>
            <author>Autor</author>
        </book>
        <book>
            <title>Nazev</title>
            <author>Autor</author>
        </book>
        <book>
            <title>Nazev</title>
            <author>Autor</author>
        </book>
        <book>
            <title>Nazev</title>
            <author>Autor</author>
        </book>
        <book>
            <title>Nazev</title>
            <author>Autor</author>
        </book>
        <book>
            <title>Nazev</title>
            <author>Autor</author>
        </book>
        <book>
            <title>Nazev</title>
            <author>Autor</author>
        </book>
        <book>
            <title>Nazev</title>
            <author>Autor</author>
        </book>
        <book>
            <title>Nazev</title>
            <author>Autor</author>
        </book>
        <book>
            <title>Nazev</title>
            <author>Autor</author>
        </book>
        <book>
            <title>Nazev</title>
            <author>Autor</author>
        </book>
        <book>
            <title>Nazev</title>
            <author>Autor</author>
        </book>
        <book>
            <title>Nazev</title>
            <author>Autor</author>
        </book>
        <book>
            <title>Nazev</title>
            <author>Autor</author>
        </book>
        <book>
            <title>Nazev</title>
            <author>Autor</author>
        </book>
        <book>
            <title>Nazev</title>
            <author>Autor</author>
        </book>
        <book>
            <title>Nazev</title>
            <author>Autor</author>
        </book>
        <book>
            <title>Nazev</title>
            <author>Autor</author>
        </book>
        <book>
            <title>Nazev</title>
            <author>Autor</author>
        </book>
        <book>
            <title>Nazev</title>
            <author>Autor</author>
        </book>
        <book>
            <title>Nazev</title>
            <author>Autor</author>
        </book>
        <book>
            <title>Nazev</title>
            <author>Autor</author>
        </book>
        <book>
            <title>Nazev</title>
            <author>Autor</author>
        </book>
        <book>
            <title>Nazev</title>
            <author>Autor</author>
        </book>
        <book>
            <title>Nazev</title>
            <author>Autor</author>
        </book>
        <book>
            <title>Nazev</title>
            <author>Autor</author>
        </book>
        <book>
            <title>Nazev</title>
            <author>Autor</author>
        </book>
        <book>
            <title>Nazev</title>
            <author>Autor</author>
        </book>
        <book>
            <title>Nazev</title>
            <author>Autor</author>
        </book>
        <book>
            <title>Nazev</title>
            <author>Autor</author>
        </book>
        <book>
            <title>Nazev</title>
            <author>Autor</author>
        </book>
        <book>
            <title>Nazev</title>
            <author>Autor</author>
        </book>
        <book>
            <title>Nazev</title>
            <author>Autor</author>
        </book>
        <book>
            <title>Nazev</title>
            <author>Autor</author>
        </book>
        <book>
            <title>Nazev</title>
            <author>Autor</author>
        </book>
        <book>
            <title>Nazev</title>
            <author>Autor</author>
        </book>
        <book>
            <title>Nazev</title>
            <author>Autor</author>
        </book>
        <book>
            <title>Nazev</title>
            <author>Autor</author>
        </book>
        <book>
            <title>Nazev</title>
            <author>Autor</author>
        </book>
        <book>
            <title>Nazev</title>
            <author>Autor</author>
        </book>
        <book>
            <title>Nazev</title>
            <author>Autor</author>
        </book>
        <book>
            <title>Nazev</title>
            <author>Autor</author>
        </book>
        <book>
            <title>Nazev</title>
            <author>Autor</author>
        </book>
        <book>
            <title>Nazev</title>
            <author>Autor</author>
        </book>
        <book>
            <title>Nazev</title>
            <author>Autor</author>
        </book>
        <book>
            <title>Nazev</title>
            <author>Autor</author>
        </book>
        <book>
            <title>Nazev</title>
            <author>Autor</author>
        </book>
        <book>
            <title>Nazev</title>
            <author>Autor</author>
        </book>
        <book>
            <title>Nazev</title>
            <author>Autor</author>
        </book>
        <book>
            <title>Nazev</title>
            <author>Autor</author>
        </book>
        <book>
            <title>Nazev</title>
            <author>Autor</author>
        </book>
        <book>
            <title>Nazev</title>
            <author>Autor</author>
        </book>
        <book>
            <title>Nazev</title>
            <author>Autor</author>
        </book>
        <book>
            <title>Nazev</title>
            <author>Autor</author>
        </book>
        <book>
            <title>Nazev</title>
            <author>Autor</author>
        </book>
        <book>
            <title>Nazev</title>
            <author>Autor</author>
        </book>
        <book>
            <title>Nazev</title>
            <author>Autor</author>
        </book>
        <book>
            <title>Nazev</title>
            <author>Autor</author>
        </book>
        <book>
            <title>Nazev</title>
            <author>Autor</author>
        </book>
        <book>
            <title>Nazev</title>
            <author>Autor</author>
        </book>
        <book>
            <title>Nazev</title>
            <author>Autor</author>
        </book>
        <book>
            <title>Nazev</title>
            <author>Autor</author>
        </book>
        <book>
            <title>Nazev</title>
            <author>Autor</author>
        </book>
        <book>
            <title>Nazev</title>
            <author>Autor</author>
        </book>
        <book>
            <title>Nazev</title>
            <author>Autor</author>
        </book>
        <book>
            <title>Nazev</title>
            <author>Autor</author>
        </book>
        <book>
            <title>Nazev</title>
            <author>Autor</author>
        </book>
        <book>
            <title>Nazev</title>
            <author>Autor</author>
        </book>
        <book>
            <title>Nazev</title>
            <author>Autor</author>
        </book>
        <book>
            <title>Nazev</title>
            <author>Autor</author>
        </book>
        <book>
            <title>Nazev</title>
            <author>Autor</author>
        </book>
        <book>
            <title>Nazev</title>
            <author>Autor</author>
        </book>
        <book>
            <title>Nazev</title>
            <author>Autor</author>
        </book>
        <book>
            <title>Nazev</title>
            <author>Autor</author>
        </book>
        <book>
            <title>Nazev</title>
            <author>Autor</author>
        </book>
        <book>
            <title>Nazev</title>
            <author>Autor</author>
        </book>
        <book>
            <title>Nazev</title>
            <author>Autor</author>
        </book>
        <book>
            <title>Nazev</title>
            <author>Autor</author>
        </book>
        <book>
            <title>Nazev</title>
            <author>Autor</author>
        </book>
        <book>
            <title>Nazev</title>
            <author>Autor</author>
        </book>
        <book>
            <title>Nazev</title>
            <author>Autor</author>
        </book>
        <book>
            <title>Nazev</title>
            <author>Autor</author>
        </book>
        <book>
            <title>Nazev</title>
            <author>Autor</author>
        </book>
        <book>
            <title>Nazev</title>
            <author>Autor</author>
        </book>
        <book>
            <title>Nazev</title>
            <author>Autor</author>
        </book>
        <book>
            <title>Nazev</title>
            <author>Autor</author>
        </book>
        <book>
            <title>Nazev</title>
            <author>Autor</author>
        </book>
        <book>
            <title>Nazev</title>
            <author>Autor</author>
        </book>
        <book>
            <title>Nazev</title>
            <author>Autor</author>
        </book>
        <book>
            <title>Nazev</title>
            <author>Autor</author>
        </book>
        <book>
            <title>Nazev</title>
            <author>Autor</author>
        </book>
        <book>
            <title>Nazev</title>
            <author>Autor</author>
        </book>
        <book>
            <title>Nazev</title>
            <author>Autor</author>
        </book>
        <book>
            <title>Nazev</title>
            <author>Autor</author>
        </book>
        <book>
            <title>Nazev</title>
            <author>Autor</author>
        </book>
        <book>
            <title>Nazev</title>
            <author>Autor</author>
        </book>
        <book>
            <title>Nazev</title>
            <author>Autor</author>
        </book>
        <book>
            <title>Nazev</title>
            <author>Autor</author>
        </book>
        <book>
            <title>Nazev</title>
            <author>Autor</author>
        </book>
        <book>
            <title>Nazev</title>
            <author>Autor</author>
        </book>
        <book>
            <title>Nazev</title>
            <author>Autor</author>
        </book>
        <book>
            <title>Nazev</title>
            <author>Autor</author>
        </book>
        <book>
            <title>Nazev</title>
            <author>Autor</author>
        </book>
        <book>
            <title>Nazev</title>
            <author>Autor</author>
        </book>
        <book>
            <title>Nazev</title>
            <author>Autor</author>
        </book>
        <book>
            <title>Nazev</title>
            <author>Autor</author>
        </book>
        <book>
            <title>Nazev</title>
            <author>Autor</author>
        </book>
        <book>
            <title>Nazev</title>
            <author>Autor</author>
        </book>
        <book>
            <title>Nazev</title>
            <author>Autor</author>
        </book>
        <book>
            <title>Nazev</title>
            <author>Autor</author>
        </book>
        <book>
            <title>Nazev</title>
            <author>Autor</author>
        </book>
        <book>
            <title>Nazev</title>
            <author>Autor</author>
        </book>
        <book>
            <title>Nazev</title>
            <author>Autor</author>
        </book>
        <book>
            <title>Nazev</title>
            <author>Autor</author>
        </book>
        <book>
            <title>Nazev</title>
            <author>Autor</author>
        </book>
        <book>
            <title>Nazev</title>
            <author>Autor</author>
        </book>
        <book>
            <title>Nazev</title>
            <author>Autor</author>
        </book>
        <book>
            <title>Nazev</title>
            <author>Autor</author>
        </book>
        <book>
            <title>Nazev</title>
            <author>Autor</author>
        </book>
        <book>
            <title>Nazev</title>
            <author>Autor</author>
        </book>
        <book>
            <title>Nazev</title>
            <author>Autor</author>
        </book>
        <book>
            <title>Nazev</title>
            <author>Autor</author>
        </book>
        <book>
            <title>Nazev</title>
            <author>Autor</author>
        </book>
        <book>
            <title>Nazev</title>
            <author>Autor</author>
        </book>
        <book>
            <title>Nazev</title>
            <author>Autor</author>
        </book>
        <book>
            <title>Nazev</title>
            <author>Autor</author>
        </book>
        <book>
            <title>Nazev</title>
            <author>Autor</author>
        </book>
        <book>
            <title>Nazev</title>
            <author>Autor</author>
        </book>
        <book>
            <title>Nazev</title>
            <author>Autor</author>
        </book>
        <book>
            <title>Nazev</title>
            <author>Autor</author>
        </book>
        <book>
            <title>Nazev</title>
            <author>Autor</author>
        </book>
        <book>
            <title>Nazev</title>
            <author>Autor</author>
        </book>
        <book>
            <title>Nazev</title>
            <author>Autor</author>
        </book>
    </books>
</root>


--uuid:f35c8310-0858-4423-b3a8-3d8fd191416d--
--------------------

---[HTTP request]---
Accept: application/soap+xml, multipart/related
Connection: keep-alive
Host: localhost:8081
User-agent: JAX-WS RI 2.3.5 git-revision#7ddc91f
Transfer-encoding: chunked
Content-type: multipart/related;start="<rootpart*f35c8310-0858-4423-b3a8-3d8fd191416d@example.jaxws.sun.com>";type="application/xop+xml";boundary="uuid:f35c8310-0858-4423-b3a8-3d8fd191416d";start-info="application/soap+xml;action=\"http://ws.learn.tc.cz/mtom/stream/api/fileStorageStreamPort/uploadStreamRequest\""
--uuid:f35c8310-0858-4423-b3a8-3d8fd191416d
Content-Id: <rootpart*f35c8310-0858-4423-b3a8-3d8fd191416d@example.jaxws.sun.com>
Content-Type: application/xop+xml;charset=utf-8;type="application/soap+xml;action=\"http://ws.learn.tc.cz/mtom/stream/api/fileStorageStreamPort/uploadStreamRequest\""
Content-Transfer-Encoding: binary

<?xml version='1.0' encoding='UTF-8'?><S:Envelope xmlns:S="http://www.w3.org/2003/05/soap-envelope"><S:Body><ns2:fileStream xmlns:ns2="http://ws.learn.tc.cz/mtom/stream/types/" xmlns:ns3="http://ws.learn.tc.cz/mtom/stream/api"><fileName>1651466185028__sample.xml</fileName><contentData><xop:Include xmlns:xop="http://www.w3.org/2004/08/xop/include" href="cid:d90ad65d-0503-4495-9d0f-b865cbe48fe2@example.jaxws.sun.com"/></contentData></ns2:fileStream></S:Body></S:Envelope>
--uuid:f35c8310-0858-4423-b3a8-3d8fd191416d
Content-Id: <d90ad65d-0503-4495-9d0f-b865cbe48fe2@example.jaxws.sun.com>
Content-Type: application/octet-stream
Content-Transfer-Encoding: binary

<?xml version="1.0" encoding="UTF-8"?>
<root>
    <books>
        <book>
            <title>Nazev</title>
            <author>Autor</author>
        </book>
        <book>
            <title>Nazev</title>
            <author>Autor</author>
        </book>
        <book>
            <title>Nazev</title>
            <author>Autor</author>
        </book>
        <book>
            <title>Nazev</title>
            <author>Autor</author>
        </book>
        <book>
            <title>Nazev</title>
            <author>Autor</author>
        </book>
        <book>
            <title>Nazev</title>
            <author>Autor</author>
        </book>
        <book>
            <title>Nazev</title>
            <author>Autor</author>
        </book>
        <book>
            <title>Nazev</title>
            <author>Autor</author>
        </book>
        <book>
            <title>Nazev</title>
            <author>Autor</author>
        </book>
        <book>
            <title>Nazev</title>
            <author>Autor</author>
        </book>
        <book>
            <title>Nazev</title>
            <author>Autor</author>
        </book>
        <book>
            <title>Nazev</title>
            <author>Autor</author>
        </book>
        <book>
            <title>Nazev</title>
            <author>Autor</author>
        </book>
        <book>
            <title>Nazev</title>
            <author>Autor</author>
        </book>
        <book>
            <title>Nazev</title>
            <author>Autor</author>
        </book>
        <book>
            <title>Nazev</title>
            <author>Autor</author>
        </book>
        <book>
            <title>Nazev</title>
            <author>Autor</author>
        </book>
        <book>
            <title>Nazev</title>
            <author>Autor</author>
        </book>
        <book>
            <title>Nazev</title>
            <author>Autor</author>
        </book>
        <book>
            <title>Nazev</title>
            <author>Autor</author>
        </book>
        <book>
            <title>Nazev</title>
            <author>Autor</author>
        </book>
        <book>
            <title>Nazev</title>
            <author>Autor</author>
        </book>
        <book>
            <title>Nazev</title>
            <author>Autor</author>
        </book>
        <book>
            <title>Nazev</title>
            <author>Autor</author>
        </book>
        <book>
            <title>Nazev</title>
            <author>Autor</author>
        </book>
        <book>
            <title>Nazev</title>
            <author>Autor</author>
        </book>
        <book>
            <title>Nazev</title>
            <author>Autor</author>
        </book>
        <book>
            <title>Nazev</title>
            <author>Autor</author>
        </book>
        <book>
            <title>Nazev</title>
            <author>Autor</author>
        </book>
        <book>
            <title>Nazev</title>
            <author>Autor</author>
        </book>
        <book>
            <title>Nazev</title>
            <author>Autor</author>
        </book>
        <book>
            <title>Nazev</title>
            <author>Autor</author>
        </book>
        <book>
            <title>Nazev</title>
            <author>Autor</author>
        </book>
        <book>
            <title>Nazev</title>
            <author>Autor</author>
        </book>
        <book>
            <title>Nazev</title>
            <author>Autor</author>
        </book>
        <book>
            <title>Nazev</title>
            <author>Autor</author>
        </book>
        <book>
            <title>Nazev</title>
            <author>Autor</author>
        </book>
        <book>
            <title>Nazev</title>
            <author>Autor</author>
        </book>
        <book>
            <title>Nazev</title>
            <author>Autor</author>
        </book>
        <book>
            <title>Nazev</title>
            <author>Autor</author>
        </book>
        <book>
[...]
        </book>
        <book>
            <title>Nazev</title>
            <author>Autor</author>
        </book>
        <book>
            <title>Nazev</title>
            <author>Autor</author>
        </book>
        <book>
            <title>Nazev</title>
            <author>Autor</author>
        </book>
        <book>
            <title>Nazev</title>
            <author>Autor</author>
        </book>
        <book>
            <title>Nazev</title>
            <author>Autor</author>
        </book>
        <book>
            <title>Nazev</title>
            <author>Autor</author>
        </book>
        <book>
            <title>Nazev</title>
            <author>Autor</author>
        </book>
        <book>
            <title>Nazev</title>
            <author>Autor</author>
        </book>
        <book>
            <title>Nazev</title>
            <author>Autor</author>
        </book>
        <book>
            <title>Nazev</title>
            <author>Autor</author>
        </book>
        <book>
            <title>Nazev</title>
            <author>Autor</author>
        </book>
        <book>
            <title>Nazev</title>
            <author>Autor</author>
        </book>
        <book>
            <title>Nazev</title>
            <author>Autor</author>
        </book>
        <book>
            <title>Nazev</title>
            <author>Autor</author>
        </book>
        <book>
            <title>Nazev</title>
            <author>Autor</author>
        </book>
        <book>
            <title>Nazev</title>
            <author>Autor</author>
        </book>
        <book>
            <title>Nazev</title>
            <author>Autor</author>
        </book>
        <book>
            <title>Nazev</title>
            <author>Autor</author>
        </book>
        <book>
            <title>Nazev</title>
            <author>Autor</author>
        </book>
        <book>
            <title>Nazev</title>
            <author>Autor</author>
        </book>
        <book>
            <title>Nazev</title>
            <author>Autor</author>
        </book>
        <book>
            <title>Nazev</title>
            <author>Autor</author>
        </book>
        <book>
            <title>Nazev</title>
            <author>Autor</author>
        </book>
        <book>
            <title>Nazev</title>
            <author>Autor</author>
        </book>
        <book>
            <title>Nazev</title>
            <author>Autor</author>
        </book>
        <book>
            <title>Nazev</title>
            <author>Autor</author>
        </book>
        <book>
            <title>Nazev</title>
            <author>Autor</author>
        </book>
        <book>
            <title>Nazev</title>
            <author>Autor</author>
        </book>
        <book>
            <title>Nazev</title>
            <author>Autor</author>
        </book>
        <book>
            <title>Nazev</title>
            <author>Autor</author>
        </book>
        <book>
            <title>Nazev</title>
            <author>Autor</author>
        </book>
        <book>
            <title>Nazev</title>
            <author>Autor</author>
        </book>
        <book>
            <title>Nazev</title>
            <author>Autor</author>
        </book>
        <book>
            <title>Nazev</title>
            <author>Autor</author>
        </book>
        <book>
            <title>Nazev</title>
            <author>Autor</author>
        </book>
        <book>
            <title>Nazev</title>
            <author>Autor</author>
        </book>
        <book>
            <title>Nazev</title>
            <author>Autor</author>
        </book>
        <book>
            <title>Nazev</title>
            <author>Autor</author>
        </book>
        <book>
            <title>Nazev</title>
            <author>Autor</author>
        </book>
        <book>
            <title>Nazev</title>
            <author>Autor</author>
        </book>
        <book>
            <title>Nazev</title>
            <author>Autor</author>
        </book>
        <book>
            <title>Nazev</title>
            <author>Autor</author>
        </book>
        <book>
            <title>Nazev</title>
            <author>Autor</author>
        </book>
        <book>
            <title>Nazev</title>
            <author>Autor</author>
        </book>
        <book>
            <title>Nazev</title>
            <author>Autor</author>
        </book>
        <book>
            <title>Nazev</title>
            <author>Autor</author>
        </book>
        <book>
            <title>Nazev</title>
            <author>Autor</author>
        </book>
        <book>
            <title>Nazev</title>
            <author>Autor</author>
        </book>
        <book>
            <title>Nazev</title>
            <author>Autor</author>
        </book>
        <book>
            <title>Nazev</title>
            <author>Autor</author>
        </book>
        <book>
            <title>Nazev</title>
            <author>Autor</author>
        </book>
        <book>
            <title>Nazev</title>
            <author>Autor</author>
        </book>
        <book>
            <title>Nazev</title>
            <author>Autor</author>
        </book>
        <book>
            <title>Nazev</title>
            <author>Autor</author>
        </book>
        <book>
            <title>Nazev</title>
            <author>Autor</author>
        </book>
        <book>
            <title>Nazev</title>
            <author>Autor</author>
        </book>
        <book>
            <title>Nazev</title>
            <author>Autor</author>
        </book>
        <book>
            <title>Nazev</title>
            <author>Autor</author>
        </book>
        <book>
            <title>Nazev</title>
            <author>Autor</author>
        </book>
        <book>
            <title>Nazev</title>
            <author>Autor</author>
        </book>
        <book>
            <title>Nazev</title>
            <author>Autor</author>
        </book>
        <book>
            <title>Nazev</title>
            <author>Autor</author>
        </book>
        <book>
            <title>Nazev</title>
            <author>Autor</author>
        </book>
        <book>
            <title>Nazev</title>
            <author>Autor</author>
        </book>
        <book>
            <title>Nazev</title>
            <author>Autor</author>
        </book>
        <book>
            <title>Nazev</title>
            <author>Autor</author>
        </book>
        <book>
            <title>Nazev</title>
            <author>Autor</author>
        </book>
        <book>
            <title>Nazev</title>
            <author>Autor</author>
        </book>
        <book>
            <title>Nazev</title>
            <author>Autor</author>
        </book>
        <book>
            <title>Nazev</title>
            <author>Autor</author>
        </book>
        <book>
            <title>Nazev</title>
            <author>Autor</author>
        </book>
        <book>
            <title>Nazev</title>
            <author>Autor</author>
        </book>
        <book>
            <title>Nazev</title>
            <author>Autor</author>
        </book>
        <book>
            <title>Nazev</title>
            <author>Autor</author>
        </book>
        <book>
            <title>Nazev</title>
            <author>Autor</author>
        </book>
        <book>
            <title>Nazev</title>
            <author>Autor</author>
        </book>
        <book>
            <title>Nazev</title>
            <author>Autor</author>
        </book>
        <book>
            <title>Nazev</title>
            <author>Autor</author>
        </book>
        <book>
            <title>Nazev</title>
            <author>Autor</author>
        </book>
        <book>
            <title>Nazev</title>
            <author>Autor</author>
        </book>
        <book>
            <title>Nazev</title>
            <author>Autor</author>
        </book>
        <book>
            <title>Nazev</title>
            <author>Autor</author>
        </book>
        <book>
            <title>Nazev</title>
            <author>Autor</author>
        </book>
        <book>
            <title>Nazev</title>
            <author>Autor</author>
        </book>
        <book>
            <title>Nazev</title>
            <author>Autor</author>
        </book>
        <book>
            <title>Nazev</title>
            <author>Autor</author>
        </book>
        <book>
            <title>Nazev</title>
            <author>Autor</author>
        </book>
        <book>
            <title>Nazev</title>
            <author>Autor</author>
        </book>
        <book>
            <title>Nazev</title>
            <author>Autor</author>
        </book>
        <book>
            <title>Nazev</title>
            <author>Autor</author>
        </book>
        <book>
            <title>Nazev</title>
            <author>Autor</author>
        </book>
        <book>
            <title>Nazev</title>
            <author>Autor</author>
        </book>
        <book>
            <title>Nazev</title>
            <author>Autor</author>
        </book>
        <book>
            <title>Nazev</title>
            <author>Autor</author>
        </book>
        <book>
            <title>Nazev</title>
            <author>Autor</author>
        </book>
        <book>
            <title>Nazev</title>
            <author>Autor</author>
        </book>
        <book>
            <title>Nazev</title>
            <author>Autor</author>
        </book>
        <book>
            <title>Nazev</title>
            <author>Autor</author>
        </book>
        <book>
            <title>Nazev</title>
            <author>Autor</author>
        </book>
        <book>
            <title>Nazev</title>
            <author>Autor</author>
        </book>
        <book>
            <title>Nazev</title>
            <author>Autor</author>
        </book>
        <book>
            <title>Nazev</title>
            <author>Autor</author>
        </book>
        <book>
            <title>Nazev</title>
            <author>Autor</author>
        </book>
        <book>
            <title>Nazev</title>
            <author>Autor</author>
        </book>
        <book>
            <title>Nazev</title>
            <author>Autor</author>
        </book>
        <book>
            <title>Nazev</title>
            <author>Autor</author>
        </book>
        <book>
            <title>Nazev</title>
            <author>Autor</author>
        </book>
        <book>
            <title>Nazev</title>
            <author>Autor</author>
        </book>
        <book>
            <title>Nazev</title>
            <author>Autor</author>
        </book>
        <book>
            <title>Nazev</title>
            <author>Autor</author>
        </book>
        <book>
            <title>Nazev</title>
            <author>Autor</author>
        </book>
        <book>
            <title>Nazev</title>
            <author>Autor</author>
        </book>
        <book>
            <title>Nazev</title>
            <author>Autor</author>
        </book>
        <book>
            <title>Nazev</title>
            <author>Autor</author>
        </book>
        <book>
            <title>Nazev</title>
            <author>Autor</author>
        </book>
        <book>
            <title>Nazev</title>
            <author>Autor</author>
        </book>
        <book>
            <title>Nazev</title>
            <author>Autor</author>
        </book>
        <book>
            <title>Nazev</title>
            <author>Autor</author>
        </book>
        <book>
            <title>Nazev</title>
            <author>Autor</author>
        </book>
        <book>
            <title>Nazev</title>
            <author>Autor</author>
        </book>
        <book>
            <title>Nazev</title>
            <author>Autor</author>
        </book>
        <book>
            <title>Nazev</title>
            <author>Autor</author>
        </book>
        <book>
            <title>Nazev</title>
            <author>Autor</author>
        </book>
        <book>
            <title>Nazev</title>
            <author>Autor</author>
        </book>
        <book>
            <title>Nazev</title>
            <author>Autor</author>
        </book>
        <book>
            <title>Nazev</title>
            <author>Autor</author>
        </book>
        <book>
            <title>Nazev</title>
            <author>Autor</author>
        </book>
        <book>
            <title>Nazev</title>
            <author>Autor</author>
        </book>
        <book>
            <title>Nazev</title>
            <author>Autor</author>
        </book>
        <book>
            <title>Nazev</title>
            <author>Autor</author>
        </book>
        <book>
            <title>Nazev</title>
            <author>Autor</author>
        </book>
        <book>
            <title>Nazev</title>
            <author>Autor</author>
        </book>
        <book>
            <title>Nazev</title>
            <author>Autor</author>
        </book>
        <book>
            <title>Nazev</title>
            <author>Autor</author>
        </book>
        <book>
            <title>Nazev</title>
            <author>Autor</author>
        </book>
        <book>
            <title>Nazev</title>
            <author>Autor</author>
        </book>
        <book>
            <title>Nazev</title>
            <author>Autor</author>
        </book>
        <book>
            <title>Nazev</title>
            <author>Autor</author>
        </book>
        <book>
            <title>Nazev</title>
            <author>Autor</author>
        </book>
        <book>
            <title>Nazev</title>
            <author>Autor</author>
        </book>
        <book>
            <title>Nazev</title>
            <author>Autor</author>
        </book>
        <book>
            <title>Nazev</title>
            <author>Autor</author>
        </book>
        <book>
            <title>Nazev</title>
            <author>Autor</author>
        </book>
        <book>
            <title>Nazev</title>
            <author>Autor</author>
        </book>
    </books>
</root>


--uuid:60b6b105-1c61-49d1-89bf-399a797232bf--
--------------------

]]></system-out>
  </testcase>
  <testcase name="test_SmallDownloadStream" classname="cz.tc.learn.ws.mtom.optimize.FileStorageStreamOptimizeServiceImplTest" time="0.006">
    <system-out><![CDATA[=================================================

---[HTTP request - http://localhost:8081/mtom.ws/fileStorageStreamService]---
Accept: application/soap+xml, multipart/related
Content-Type: multipart/related;start="<rootpart*f02b887f-60dc-4fcc-ba32-8d4f4a4c1cc7@example.jaxws.sun.com>";type="application/xop+xml";boundary="uuid:f02b887f-60dc-4fcc-ba32-8d4f4a4c1cc7";start-info="application/soap+xml;action=\"http://ws.learn.tc.cz/mtom/stream/api/fileStorageStreamPort/downloadStreamRequest\""
User-Agent: JAX-WS RI 2.3.5 git-revision#7ddc91f
--uuid:f02b887f-60dc-4fcc-ba32-8d4f4a4c1cc7
Content-Id: <rootpart*f02b887f-60dc-4fcc-ba32-8d4f4a4c1cc7@example.jaxws.sun.com>
Content-Type: application/xop+xml;charset=utf-8;type="application/soap+xml;action=\"http://ws.learn.tc.cz/mtom/stream/api/fileStorageStreamPort/downloadStreamRequest\""
Content-Transfer-Encoding: binary

<?xml version='1.0' encoding='UTF-8'?><S:Envelope xmlns:S="http://www.w3.org/2003/05/soap-envelope"><S:Body><ns3:filenameStream xmlns:ns2="http://ws.learn.tc.cz/mtom/stream/types/" xmlns:ns3="http://ws.learn.tc.cz/mtom/stream/api">small_sample.xml</ns3:filenameStream></S:Body></S:Envelope>
--uuid:f02b887f-60dc-4fcc-ba32-8d4f4a4c1cc7--
--------------------

---[HTTP request]---
Accept: application/soap+xml, multipart/related
Connection: keep-alive
Host: localhost:8081
User-agent: JAX-WS RI 2.3.5 git-revision#7ddc91f
Content-type: multipart/related;start="<rootpart*f02b887f-60dc-4fcc-ba32-8d4f4a4c1cc7@example.jaxws.sun.com>";type="application/xop+xml";boundary="uuid:f02b887f-60dc-4fcc-ba32-8d4f4a4c1cc7";start-info="application/soap+xml;action=\"http://ws.learn.tc.cz/mtom/stream/api/fileStorageStreamPort/downloadStreamRequest\""
Content-length: 672
--uuid:f02b887f-60dc-4fcc-ba32-8d4f4a4c1cc7
Content-Id: <rootpart*f02b887f-60dc-4fcc-ba32-8d4f4a4c1cc7@example.jaxws.sun.com>
Content-Type: application/xop+xml;charset=utf-8;type="application/soap+xml;action=\"http://ws.learn.tc.cz/mtom/stream/api/fileStorageStreamPort/downloadStreamRequest\""
Content-Transfer-Encoding: binary

<?xml version='1.0' encoding='UTF-8'?><S:Envelope xmlns:S="http://www.w3.org/2003/05/soap-envelope"><S:Body><ns3:filenameStream xmlns:ns2="http://ws.learn.tc.cz/mtom/stream/types/" xmlns:ns3="http://ws.learn.tc.cz/mtom/stream/api">small_sample.xml</ns3:filenameStream></S:Body></S:Envelope>
--uuid:f02b887f-60dc-4fcc-ba32-8d4f4a4c1cc7--
--------------------

---[HTTP response 200]---
Date: Mon, 02 May 2022 04:36:25 GMT
Transfer-encoding: chunked
Content-type: multipart/related;start="<rootpart*c1eb1ead-d471-4aa4-8d35-0aa29c22d2e5@example.jaxws.sun.com>";type="application/xop+xml";boundary="uuid:c1eb1ead-d471-4aa4-8d35-0aa29c22d2e5";start-info="application/soap+xml"
--uuid:c1eb1ead-d471-4aa4-8d35-0aa29c22d2e5
Content-Id: <rootpart*c1eb1ead-d471-4aa4-8d35-0aa29c22d2e5@example.jaxws.sun.com>
Content-Type: application/xop+xml;charset=utf-8;type="application/soap+xml"
Content-Transfer-Encoding: binary

<?xml version='1.0' encoding='UTF-8'?><S:Envelope xmlns:S="http://www.w3.org/2003/05/soap-envelope"><S:Body><ns2:fileStream xmlns:ns2="http://ws.learn.tc.cz/mtom/stream/types/" xmlns:ns3="http://ws.learn.tc.cz/mtom/stream/api"><fileName>small_sample.xml</fileName><contentData><xop:Include xmlns:xop="http://www.w3.org/2004/08/xop/include" href="cid:103b1f6c-0e07-45f2-b2dc-fd75a7ebd7df@example.jaxws.sun.com"/></contentData></ns2:fileStream></S:Body></S:Envelope>
--uuid:c1eb1ead-d471-4aa4-8d35-0aa29c22d2e5
Content-Id: <103b1f6c-0e07-45f2-b2dc-fd75a7ebd7df@example.jaxws.sun.com>
Content-Type: application/octet-stream
Content-Transfer-Encoding: binary

<?xml version="1.0" encoding="UTF-8"?>
<root>
    <books>
        <book>
            <title>Nazev</title>
            <author>Author</book>
    </books>
</root>


--uuid:c1eb1ead-d471-4aa4-8d35-0aa29c22d2e5--
--------------------

---[HTTP response - http://localhost:8081/mtom.ws/fileStorageStreamService - 200]---
null: HTTP/1.1 200 OK
Content-type: multipart/related;start="<rootpart*c1eb1ead-d471-4aa4-8d35-0aa29c22d2e5@example.jaxws.sun.com>";type="application/xop+xml";boundary="uuid:c1eb1ead-d471-4aa4-8d35-0aa29c22d2e5";start-info="application/soap+xml"
Date: Mon, 02 May 2022 04:36:25 GMT
Transfer-encoding: chunked
--uuid:c1eb1ead-d471-4aa4-8d35-0aa29c22d2e5
Content-Id: <rootpart*c1eb1ead-d471-4aa4-8d35-0aa29c22d2e5@example.jaxws.sun.com>
Content-Type: application/xop+xml;charset=utf-8;type="application/soap+xml"
Content-Transfer-Encoding: binary

<?xml version='1.0' encoding='UTF-8'?><S:Envelope xmlns:S="http://www.w3.org/2003/05/soap-envelope"><S:Body><ns2:fileStream xmlns:ns2="http://ws.learn.tc.cz/mtom/stream/types/" xmlns:ns3="http://ws.learn.tc.cz/mtom/stream/api"><fileName>small_sample.xml</fileName><contentData><xop:Include xmlns:xop="http://www.w3.org/2004/08/xop/include" href="cid:103b1f6c-0e07-45f2-b2dc-fd75a7ebd7df@example.jaxws.sun.com"/></contentData></ns2:fileStream></S:Body></S:Envelope>
--uuid:c1eb1ead-d471-4aa4-8d35-0aa29c22d2e5
Content-Id: <103b1f6c-0e07-45f2-b2dc-fd75a7ebd7df@example.jaxws.sun.com>
Content-Type: application/octet-stream
Content-Transfer-Encoding: binary

<?xml version="1.0" encoding="UTF-8"?>
<root>
    <books>
        <book>
            <title>Nazev</title>
            <author>Author</book>
    </books>
</root>


--uuid:c1eb1ead-d471-4aa4-8d35-0aa29c22d2e5--
--------------------

]]></system-out>
  </testcase>
</testsuite>